INFO         | Android emulator version 36.2.12.0 (build_id 14214601) (CL:N/A)
INFO         | Graphics backend: gfxstream
DEBUG   | Current emulator version 36.2.12 is the same as the required version 36.2.12.
INFO         | Deleting C:\Users\tjmah\.android\avd\..\avd\Pixel_5_API_33.avd\bootcompleted.ini done
INFO         | Found AVD name 'Pixel_5_API_33'
INFO         | Found AVD target architecture: x86_64
INFO         | argv[0]: 'C:\Users\tjmah\AppData\Local\Android\Sdk\emulator\emulator.EXE'; program directory: 'C:\Users\tjmah\AppData\Local\Android\Sdk\emulator'
INFO         | Found systemPath C:\Users\tjmah\AppData\Local\Android\Sdk\system-images\android-33\google_apis\x86_64\
[0;39mDEBUG   | autoconfig: -skin pixel_5
[0;39m[0;39mDEBUG   | autoconfig: -skindir C:\Users\tjmah\AppData\Local\Android\Sdk\skins\
[0;39m[0;39mDEBUG   | init, loading C:\Users\tjmah\AppData\Local\Android\Sdk\emulator\lib\advancedFeatures.ini
[0;39m[0;39mDEBUG   | autoconfig: -kernel C:\Users\tjmah\AppData\Local\Android\Sdk\system-images\android-33\google_apis\x86_64\\kernel-ranchu
[0;39m[0;39mDEBUG   | Target arch = 'x86_64'
[0;39m[0;39mDEBUG   | Auto-detect: Kernel image requires new device naming scheme.
[0;39m[0;39mDEBUG   | Auto-detect: Kernel does not support YAFFS2 partitions.
[0;39m[0;39mDEBUG   | autoconfig: -ramdisk C:\Users\tjmah\AppData\Local\Android\Sdk\system-images\android-33\google_apis\x86_64\\ramdisk.img
[0;39m[0;39mDEBUG   | Using initial system image: C:\Users\tjmah\AppData\Local\Android\Sdk\system-images\android-33\google_apis\x86_64\\system.img
[0;39m[0;39mDEBUG   | Using initial vendor image: C:\Users\tjmah\AppData\Local\Android\Sdk\system-images\android-33\google_apis\x86_64\\vendor.img
[0;39m[0;39mDEBUG   | autoconfig: -data C:\Users\tjmah\.android\avd\..\avd\Pixel_5_API_33.avd\userdata-qemu.img
[0;39m[0;39mDEBUG   | autoconfig: -initdata C:\Users\tjmah\.android\avd\..\avd\Pixel_5_API_33.avd\userdata.img
[0;39m[0;39mDEBUG   | autoconfig: -cache C:\Users\tjmah\.android\avd\..\avd\Pixel_5_API_33.avd\cache.img
[0;39m[0;39mDEBUG   | autoconfig: -sdcard C:\Users\tjmah\.android\avd\..\avd\Pixel_5_API_33.avd\sdcard.img
[0;39m[0;39mDEBUG   | Physical RAM size: 2048MB
[0;39m[0;39mDEBUG   | VM heap size 256MB is below hardware specified minimum of 512MB,setting it to that value
[0;39m[0;39mDEBUG   | System image is read only
[0;39m[0;39mINFO         | IPv4 server found: 75.75.75.75
[0;39m[0;39mINFO         | Ignore IPv6 address: 2040:a989:e101:0:2040:a989:e101:0
[0;39m[0;39mINFO         | Ignore IPv6 address: 2040:a989:e101:0:2040:a989:e101:0
[0;39m[0;39mINFO         | Ignore IPv6 address: 2040:a989:e101:0:2040:a989:e101:0
[0;39m[0;39mINFO         | Ignore IPv6 address: 3846:a989:e101:0:2040:a989:e101:0
[0;39m[0;39mINFO         | Ignore IPv6 address: 3846:a989:e101:0:2040:a989:e101:0
[0;39m[0;39mINFO         | Ignore IPv6 address: 3846:a989:e101:0:2040:a989:e101:0
[0;39m[0;39mINFO         | Ignore IPv6 address: a854:a989:e101:0:2040:a989:e101:0
[0;39m[0;39mINFO         | Ignore IPv6 address: a854:a989:e101:0:2040:a989:e101:0
[0;39m[0;39mINFO         | Ignore IPv6 address: a854:a989:e101:0:2040:a989:e101:0
[0;39m[0;39mINFO         | Ignore IPv6 address: 3860:a989:e101:0:2040:a989:e101:0
[0;39m[0;39mINFO         | Ignore IPv6 address: 3860:a989:e101:0:2040:a989:e101:0
[0;39m[0;39mINFO         | Ignore IPv6 address: 3860:a989:e101:0:2040:a989:e101:0
[0;39m[0;39mDEBUG   | Found 1 DNS servers:
[0;39m[0;39mDEBUG   | 	75.75.75.75
[0;39m[0;39mINFO         | Guest GLES Driver: Auto (ext controls)
[0;39m[0;39mDEBUG   | emuglConfig_init: denylisted=0 has_guest_renderer=1, mode: auto, option: 

[0;39m[0;39mDEBUG   | emuglConfig_init: auto-selected host based on conditions and UI preference 0

[0;39mlibrary_mode host gpu mode host
[0;39mDEBUG   | setCurrentRenderer: host Host
[0;39m[0;39mDEBUG   | emuglConfig_get_vulkan_runtime_full_path: Checking for vulkan-1.dll versions
[0;39m[0;39mDEBUG   | querying file version info API...
[0;39m[0;39mDEBUG   | found kernelbase.dll
[0;39m[0;39mDEBUG   | GetFileVersionInfoSizeW found. On Windows 10?
[0;39m[0;39mDEBUG   | GetFileVersionInfoW found. On Windows 10?
[0;39m[0;39mDEBUG   | VerQueryValueW found. Can query file versions
[0;39m[0;39mDEBUG   | querying file version info API...
[0;39m[0;39mDEBUG   | vulkan-1.dll version: 1.4.313.0
[0;39m[0;39mDEBUG   | C:\Users\tjmah\AppData\Local\Android\Sdk\emulator\lib64\vulkan\vulkan-1.dll version: 5.0.0.1
[0;39m[0;39mDEBUG   | emuglConfig_get_vulkan_runtime_full_path: Using vulkan runtime path: vulkan-1.dll
[0;39m[0;39mDEBUG   | emuglConfig_get_vulkan_hardware_gpu_support_info: Successfully created vulkan instance

[0;39m[0;39mDEBUG   | emuglConfig_get_vulkan_hardware_gpu_support_info: Physical devices count is 2

[0;39m[0;39mINFO         | emuglConfig_get_vulkan_hardware_gpu_support_info: Found physical GPU 'NVIDIA GeForce RTX 4060', type: VK_PHYSICAL_DEVICE_TYPE_DISCRETE_GPU, apiVersion: 1.4.312, driverVersion: 581.4

[0;39m[0;39mINFO         | emuglConfig_get_vulkan_hardware_gpu_support_info: Found physical GPU 'Intel(R) UHD Graphics 770', type: VK_PHYSICAL_DEVICE_TYPE_INTEGRATED_GPU, apiVersion: 1.4.323, driverVersion: 0.405.2981

[0;39m[0;39mDEBUG   | Checking whether Windows Hypervisor Platform (WHPX) is available.
[0;39m[0;39mDEBUG   | WinHvPlatform.dll found. Looking for WHvGetCapability...
[0;39m[0;39mDEBUG   | WHvGetCapability found. Querying WHPX capabilities...
[0;39m[0;39mDEBUG   | WHPX (10.0.26100) is installed and usable.
[0;39m[0;39mDEBUG   | emuglConfig_init: GPU emulation enabled using 'host' mode

[0;39m[0;39mINFO         | GPU device local memory = 7957MB
[0;39m[0;39mDEBUG   | GPU emulation enabled using 'host' mode
[0;39m[0;39mINFO         | Checking system compatibility:
[0;39m[0;39mINFO         |   Checking: hasCompatibleHypervisor
[0;39m[0;39mINFO         |      Ok: Hypervisor compatibility to run avd: `Pixel_5_API_33` are met
[0;39m[0;39mINFO         |   Checking: hasSufficientSystem
[0;39m[0;39mINFO         |      Ok: System requirements to run avd: `Pixel_5_API_33` are met
[0;39m[0;39mINFO         |   Checking: hasSufficientHwGpu
[0;39m[0;39mINFO         |      Ok: Hardware GPU requirements to run avd: `Pixel_5_API_33` are passed
[0;39m[0;39mINFO         |   Checking: hasSufficientDiskSpace
[0;39m[0;39mINFO         |      Ok: Disk space requirements to run avd: `Pixel_5_API_33` are met
[0;39m[0;39mDEBUG   | Starting hostapd main loop.
[0;39m[0;39mDEBUG   | trying to load skin file 'C:\Users\tjmah\AppData\Local\Android\Sdk\skins\\pixel_5\layout'
[0;39m[0;39mDEBUG   | Requested console port 11200: Inferring adb port 11201.
[0;39m[0;39mDEBUG   | CPU Acceleration: working
[0;39m[0;39mDEBUG   | CPU Acceleration status: WHPX(10.0.26100) is installed and usable.
[0;39m[0;39mDEBUG   | handleCpuAcceleration: feature check for hvf
[0;39m[0;39mDEBUG   | Bluetooth requested by guest
[0;39m[0;39mDEBUG   | started modem simulator host server at port: 64990
[0;39m[0;39mINFO         | Critical: Failed to load opengl32sw (The specified module could not be found.) (:0, )
[0;39m[0;39mINFO         | Warning: Software OpenGL failed. Falling back to system OpenGL. (:0, )
[0;39m[0;39mINFO         | Warning: QMetaObject::connectSlotsByName: No matching signal for on_btn_xr_environment_living_room_day_clicked() (:0, )
[0;39m[0;39mINFO         | Warning: QMetaObject::connectSlotsByName: No matching signal for on_btn_xr_environment_living_room_night_clicked() (:0, )
[0;39m[0;39mINFO         | Warning: QMetaObject::connectSlotsByName: No matching signal for on_new_posture_requested(int) (:0, )
[0;39m[0;39mINFO         | Warning: QMetaObject::connectSlotsByName: No matching signal for on_dismiss_posture_selection_dialog() (:0, )
[0;39m[0;39mINFO         | Warning: QMetaObject::connectSlotsByName: No matching signal for on_new_resizable_requested(PresetEmulatorSizeType) (:0, )
[0;39m[0;39mINFO         | Warning: QMetaObject::connectSlotsByName: No matching signal for on_dismiss_resizable_dialog() (:0, )
[0;39m[0;39mINFO         | Warning: QMetaObject::connectSlotsByName: No matching signal for on_xr_environment_mode_changed(int) (:0, )
[0;39m[0;39mINFO         | Warning: QMetaObject::connectSlotsByName: No matching signal for on_dismiss_xr_environment_mode_dialog() (:0, )
[0;39m[0;39mINFO         | Warning: QMetaObject::connectSlotsByName: No matching signal for on_xr_input_mode_changed(int) (:0, )
[0;39m[0;39mINFO         | Warning: QMetaObject::connectSlotsByName: No matching signal for on_dismiss_xr_input_mode_dialog() (:0, )
[0;39m[0;39mINFO         | Warning: QMetaObject::connectSlotsByName: No matching signal for on_sleep_timer_done() (:0, )
[0;39m[0;39mINFO         | Warning: QMetaObject::connectSlotsByName: No matching signal for on_unfold_timer_done() (:0, )
[0;39m[0;39mINFO         | Storing crashdata in: C:\Users\tjmah\AppData\Local\Temp\\AndroidEmulator\emu-crash-36.2.12.db, detection is enabled for process: 36876
[0;39m[0;39mINFO         | Initializing hardware OpenGLES emulation support
[0;39m[0;39mINFO         | android_startOpenglesRenderer: gpu info
[0;39m[0;39mINFO         | GPU #1
  Make: 10de
  Model: NVIDIA GeForce RTX 4060
  Device ID: 2882

[0;39m[0;39mDEBUG   | gfxstreamFeature:GlPipeChecksum = 1
[0;39m[0;39mDEBUG   | gfxstreamFeature:Vulkan = 1
[0;39m[0;39mDEBUG   | gfxstreamFeature:HasSharedSlotsHostMemoryAllocator = 1
[0;39m[0;39mDEBUG   | gfxstreamFeature:VulkanSnapshots = 0
[0;39m[0;39mDEBUG   | gfxstreamFeature:NoDelayCloseColorBuffer = 0
[0;39m[0;39mDEBUG   | gfxstreamFeature:VirtioGpuNativeSync = 0
[0;39m[0;39mDEBUG   | gfxstreamFeature:VulkanShaderFloat16Int8 = 1
[0;39m[0;39mDEBUG   | gfxstreamFeature:NativeTextureDecompression = 0
[0;39m[0;39mDEBUG   | gfxstreamFeature:VulkanNativeSwapchain = 0
[0;39m[0;39mDEBUG   | gfxstreamFeature:VirtioGpuFenceContexts = 0
[0;39m[0;39mDEBUG   | gfxstreamFeature:AsyncComposeSupport = 0
[0;39m[0;39mDEBUG   | gfxstreamFeature:ExternalBlob = 0
[0;39m[0;39mDEBUG   | gfxstreamFeature:SystemBlob = 0
[0;39m[0;39mDEBUG   | gfxstreamFeature:GrallocSync = 0
[0;39m[0;39mDEBUG   | gfxstreamFeature:GlAsyncSwap = 1
[0;39m[0;39mDEBUG   | gfxstreamFeature:GlDma = 1
[0;39m[0;39mDEBUG   | gfxstreamFeature:GlDma2 = 0
[0;39m[0;39mDEBUG   | gfxstreamFeature:GlDirectMem = 1
[0;39m[0;39mDEBUG   | gfxstreamFeature:GlesDynamicVersion = 1
[0;39m[0;39mDEBUG   | gfxstreamFeature:PlayStoreImage = 0
[0;39m[0;39mDEBUG   | gfxstreamFeature:RefCountPipe = 1
[0;39m[0;39mDEBUG   | gfxstreamFeature:HostComposition = 1
[0;39m[0;39mDEBUG   | gfxstreamFeature:VulkanNullOptionalStrings = 1
[0;39m[0;39mDEBUG   | gfxstreamFeature:Yuv420888ToNv21 = 0
[0;39m[0;39mDEBUG   | gfxstreamFeature:YuvCache = 1
[0;39m[0;39mDEBUG   | gfxstreamFeature:VulkanIgnoredHandles = 1
[0;39m[0;39mDEBUG   | gfxstreamFeature:VirtioGpuNext = 0
[0;39m[0;39mDEBUG   | gfxstreamFeature:VulkanQueueSubmitWithCommands = 1
[0;39m[0;39mDEBUG   | gfxstreamFeature:VulkanBatchedDescriptorSetUpdate = 0
[0;39m[0;39mDEBUG   | gfxstreamFeature:Minigbm = 0
[0;39m[0;39mDEBUG   | gfxstreamFeature:HwcMultiConfigs = 1
[0;39m[0;39mDEBUG   | gfxstreamFeature:VulkanAllocateDeviceMemoryOnly = 0
[0;39m[0;39mDEBUG   | gfxstreamFeature:VulkanAllocateHostMemory = 0
[0;39m[0;39mDEBUG   | gfxstreamFeature:GuestVulkanOnly = 0
[0;39m[0;39mDEBUG   | gfxstreamFeature:BypassVulkanDeviceFeatureOverrides = 0
[0;39m[0;39mDEBUG   | gfxstreamFeature:VulkanDebugUtils = 0
[0;39m[0;39mDEBUG   | gfxstreamFeature:VulkanCommandBufferCheckpoints = 0
[0;39m[0;39mDEBUG   | gfxstreamFeature:VulkanVirtualQueue = 1
[0;39m[0;39mDEBUG   | gfxstreamFeature:VulkanRobustness = 0
[0;39m[0;39mDEBUG   | RenderWindow: CMD_INITIALIZE w=1080 h=2340
[0;39m[0;39mDEBUG   | FrameBuffer::initialize()
[0;39m[0;39mDEBUG   | FrameBuffer::Impl::initialize
[0;39m[0;39mINFO         | HealthMonitor disabled.
[0;39m[0;39mDEBUG   | create display 0
[0;39m[0;39mDEBUG   | setDisplayPose 0 x 0 y 0 w 1080 h 2340 dpi 0
[0;39m[0;39mINFO         | SharedLibrary::open for [vulkan-1.dll]
[0;39m[0;39mINFO         | SharedLibrary::open for [vulkan-1.dll]: not found in map, open for the first time
[0;39m[0;39mINFO         | SharedLibrary::open for [vulkan-1.dll] (win32): call LoadLibrary
[0;39m[0;39mINFO         | SharedLibrary::open succeeded for [vulkan-1.dll]. File name: [C:\Windows\SYSTEM32\vulkan-1.dll]
[0;39m[0;39mINFO         | Added library: vulkan-1.dll
[0;39m[0;39mDEBUG   | global loader has vkEnumerateInstanceVersion.
[0;39m[0;39mDEBUG   | global loader has vkEnumerateInstanceVersion returning >= 1.1.
[0;39m[0;39mDEBUG   | Creating instance, asking for version 1.1.0 ...
[0;39m[0;39mDEBUG   | Found 2 Vulkan physical devices.
[0;39m[0;39mDEBUG   | Considering Vulkan physical device 0 : NVIDIA GeForce RTX 4060
[0;39m[0;39mDEBUG   | VK_EXT_external_memory_dma_buf not found, bailing.
[0;39m[0;39mDEBUG   | Graphics queue family index: 0
[0;39m[0;39mDEBUG   | Compute queue family index: 0
[0;39m[0;39mDEBUG   | Compute queue family index: 2
[0;39m[0;39mDEBUG   | Considering Vulkan physical device 1 : Intel(R) UHD Graphics 770
[0;39m[0;39mDEBUG   | VK_EXT_external_memory_dma_buf not found, bailing.
[0;39m[0;39mDEBUG   | Graphics queue family index: 0
[0;39m[0;39mDEBUG   | Compute queue family index: 0
[0;39m[0;39mDEBUG   | Device selection score for 'NVIDIA GeForce RTX 4060' = 9312
[0;39m[0;39mDEBUG   | Device selection score for 'Intel(R) UHD Graphics 770' = 8323
[0;39m[0;39mDEBUG   | Supported: VK_FORMAT_R8G8B8A8_UNORM VK_IMAGE_TYPE_2D VK_IMAGE_TILING_LINEAR VK_IMAGE_USAGE_COLOR_ATTACHMENT_BIT, supportsExternalMemory? 1, requiresDedicated? 0
[0;39m[0;39mDEBUG   | Not Supported: VK_FORMAT_R8G8B8A8_UNORM VK_IMAGE_TYPE_2D VK_IMAGE_TILING_LINEAR VK_IMAGE_USAGE_INPUT_ATTACHMENT_BIT
[0;39m[0;39mDEBUG   | Supported: VK_FORMAT_R8G8B8A8_UNORM VK_IMAGE_TYPE_2D VK_IMAGE_TILING_LINEAR VK_IMAGE_USAGE_SAMPLED_BIT, supportsExternalMemory? 1, requiresDedicated? 0
[0;39m[0;39mDEBUG   | Supported: VK_FORMAT_R8G8B8A8_UNORM VK_IMAGE_TYPE_2D VK_IMAGE_TILING_LINEAR VK_IMAGE_USAGE_TRANSFER_SRC_BIT, supportsExternalMemory? 1, requiresDedicated? 0
[0;39m[0;39mDEBUG   | Supported: VK_FORMAT_R8G8B8A8_UNORM VK_IMAGE_TYPE_2D VK_IMAGE_TILING_LINEAR VK_IMAGE_USAGE_TRANSFER_DST_BIT, supportsExternalMemory? 1, requiresDedicated? 0
[0;39m[0;39mDEBUG   | Supported: VK_FORMAT_R8G8B8A8_UNORM VK_IMAGE_TYPE_2D VK_IMAGE_TILING_OPTIMAL VK_IMAGE_USAGE_COLOR_ATTACHMENT_BIT, supportsExternalMemory? 1, requiresDedicated? 0
[0;39m[0;39mDEBUG   | Supported: VK_FORMAT_R8G8B8A8_UNORM VK_IMAGE_TYPE_2D VK_IMAGE_TILING_OPTIMAL VK_IMAGE_USAGE_INPUT_ATTACHMENT_BIT, supportsExternalMemory? 1, requiresDedicated? 0
[0;39m[0;39mDEBUG   | Supported: VK_FORMAT_R8G8B8A8_UNORM VK_IMAGE_TYPE_2D VK_IMAGE_TILING_OPTIMAL VK_IMAGE_USAGE_SAMPLED_BIT, supportsExternalMemory? 1, requiresDedicated? 0
[0;39m[0;39mDEBUG   | Supported: VK_FORMAT_R8G8B8A8_UNORM VK_IMAGE_TYPE_2D VK_IMAGE_TILING_OPTIMAL VK_IMAGE_USAGE_TRANSFER_SRC_BIT, supportsExternalMemory? 1, requiresDedicated? 0
[0;39m[0;39mDEBUG   | Supported: VK_FORMAT_R8G8B8A8_UNORM VK_IMAGE_TYPE_2D VK_IMAGE_TILING_OPTIMAL VK_IMAGE_USAGE_TRANSFER_DST_BIT, supportsExternalMemory? 1, requiresDedicated? 0
[0;39m[0;39mDEBUG   | Not Supported: VK_FORMAT_R8G8B8_UNORM VK_IMAGE_TYPE_2D VK_IMAGE_TILING_LINEAR VK_IMAGE_USAGE_COLOR_ATTACHMENT_BIT
[0;39m[0;39mDEBUG   | Not Supported: VK_FORMAT_R8G8B8_UNORM VK_IMAGE_TYPE_2D VK_IMAGE_TILING_LINEAR VK_IMAGE_USAGE_INPUT_ATTACHMENT_BIT
[0;39m[0;39mDEBUG   | Not Supported: VK_FORMAT_R8G8B8_UNORM VK_IMAGE_TYPE_2D VK_IMAGE_TILING_LINEAR VK_IMAGE_USAGE_SAMPLED_BIT
[0;39m[0;39mDEBUG   | Not Supported: VK_FORMAT_R8G8B8_UNORM VK_IMAGE_TYPE_2D VK_IMAGE_TILING_LINEAR VK_IMAGE_USAGE_TRANSFER_SRC_BIT
[0;39m[0;39mDEBUG   | Not Supported: VK_FORMAT_R8G8B8_UNORM VK_IMAGE_TYPE_2D VK_IMAGE_TILING_LINEAR VK_IMAGE_USAGE_TRANSFER_DST_BIT
[0;39m[0;39mDEBUG   | Not Supported: VK_FORMAT_R8G8B8_UNORM VK_IMAGE_TYPE_2D VK_IMAGE_TILING_OPTIMAL VK_IMAGE_USAGE_COLOR_ATTACHMENT_BIT
[0;39m[0;39mDEBUG   | Not Supported: VK_FORMAT_R8G8B8_UNORM VK_IMAGE_TYPE_2D VK_IMAGE_TILING_OPTIMAL VK_IMAGE_USAGE_INPUT_ATTACHMENT_BIT
[0;39m[0;39mDEBUG   | Not Supported: VK_FORMAT_R8G8B8_UNORM VK_IMAGE_TYPE_2D VK_IMAGE_TILING_OPTIMAL VK_IMAGE_USAGE_SAMPLED_BIT
[0;39m[0;39mDEBUG   | Not Supported: VK_FORMAT_R8G8B8_UNORM VK_IMAGE_TYPE_2D VK_IMAGE_TILING_OPTIMAL VK_IMAGE_USAGE_TRANSFER_SRC_BIT
[0;39m[0;39mDEBUG   | Not Supported: VK_FORMAT_R8G8B8_UNORM VK_IMAGE_TYPE_2D VK_IMAGE_TILING_OPTIMAL VK_IMAGE_USAGE_TRANSFER_DST_BIT
[0;39m[0;39mDEBUG   | Supported: VK_FORMAT_R5G6B5_UNORM_PACK16 VK_IMAGE_TYPE_2D VK_IMAGE_TILING_LINEAR VK_IMAGE_USAGE_COLOR_ATTACHMENT_BIT, supportsExternalMemory? 1, requiresDedicated? 0
[0;39m[0;39mDEBUG   | Not Supported: VK_FORMAT_R5G6B5_UNORM_PACK16 VK_IMAGE_TYPE_2D VK_IMAGE_TILING_LINEAR VK_IMAGE_USAGE_INPUT_ATTACHMENT_BIT
[0;39m[0;39mDEBUG   | Supported: VK_FORMAT_R5G6B5_UNORM_PACK16 VK_IMAGE_TYPE_2D VK_IMAGE_TILING_LINEAR VK_IMAGE_USAGE_SAMPLED_BIT, supportsExternalMemory? 1, requiresDedicated? 0
[0;39m[0;39mDEBUG   | Supported: VK_FORMAT_R5G6B5_UNORM_PACK16 VK_IMAGE_TYPE_2D VK_IMAGE_TILING_LINEAR VK_IMAGE_USAGE_TRANSFER_SRC_BIT, supportsExternalMemory? 1, requiresDedicated? 0
[0;39m[0;39mDEBUG   | Supported: VK_FORMAT_R5G6B5_UNORM_PACK16 VK_IMAGE_TYPE_2D VK_IMAGE_TILING_LINEAR VK_IMAGE_USAGE_TRANSFER_DST_BIT, supportsExternalMemory? 1, requiresDedicated? 0
[0;39m[0;39mDEBUG   | Supported: VK_FORMAT_R5G6B5_UNORM_PACK16 VK_IMAGE_TYPE_2D VK_IMAGE_TILING_OPTIMAL VK_IMAGE_USAGE_COLOR_ATTACHMENT_BIT, supportsExternalMemory? 1, requiresDedicated? 0
[0;39m[0;39mDEBUG   | Supported: VK_FORMAT_R5G6B5_UNORM_PACK16 VK_IMAGE_TYPE_2D VK_IMAGE_TILING_OPTIMAL VK_IMAGE_USAGE_INPUT_ATTACHMENT_BIT, supportsExternalMemory? 1, requiresDedicated? 0
[0;39m[0;39mDEBUG   | Supported: VK_FORMAT_R5G6B5_UNORM_PACK16 VK_IMAGE_TYPE_2D VK_IMAGE_TILING_OPTIMAL VK_IMAGE_USAGE_SAMPLED_BIT, supportsExternalMemory? 1, requiresDedicated? 0
[0;39m[0;39mDEBUG   | Supported: VK_FORMAT_R5G6B5_UNORM_PACK16 VK_IMAGE_TYPE_2D VK_IMAGE_TILING_OPTIMAL VK_IMAGE_USAGE_TRANSFER_SRC_BIT, supportsExternalMemory? 1, requiresDedicated? 0
[0;39m[0;39mDEBUG   | Supported: VK_FORMAT_R5G6B5_UNORM_PACK16 VK_IMAGE_TYPE_2D VK_IMAGE_TILING_OPTIMAL VK_IMAGE_USAGE_TRANSFER_DST_BIT, supportsExternalMemory? 1, requiresDedicated? 0
[0;39m[0;39mDEBUG   | Supported: VK_FORMAT_A1R5G5B5_UNORM_PACK16 VK_IMAGE_TYPE_2D VK_IMAGE_TILING_LINEAR VK_IMAGE_USAGE_COLOR_ATTACHMENT_BIT, supportsExternalMemory? 1, requiresDedicated? 0
[0;39m[0;39mDEBUG   | Not Supported: VK_FORMAT_A1R5G5B5_UNORM_PACK16 VK_IMAGE_TYPE_2D VK_IMAGE_TILING_LINEAR VK_IMAGE_USAGE_INPUT_ATTACHMENT_BIT
[0;39m[0;39mDEBUG   | Supported: VK_FORMAT_A1R5G5B5_UNORM_PACK16 VK_IMAGE_TYPE_2D VK_IMAGE_TILING_LINEAR VK_IMAGE_USAGE_SAMPLED_BIT, supportsExternalMemory? 1, requiresDedicated? 0
[0;39m[0;39mDEBUG   | Supported: VK_FORMAT_A1R5G5B5_UNORM_PACK16 VK_IMAGE_TYPE_2D VK_IMAGE_TILING_LINEAR VK_IMAGE_USAGE_TRANSFER_SRC_BIT, supportsExternalMemory? 1, requiresDedicated? 0
[0;39m[0;39mDEBUG   | Supported: VK_FORMAT_A1R5G5B5_UNORM_PACK16 VK_IMAGE_TYPE_2D VK_IMAGE_TILING_LINEAR VK_IMAGE_USAGE_TRANSFER_DST_BIT, supportsExternalMemory? 1, requiresDedicated? 0
[0;39m[0;39mDEBUG   | Supported: VK_FORMAT_A1R5G5B5_UNORM_PACK16 VK_IMAGE_TYPE_2D VK_IMAGE_TILING_OPTIMAL VK_IMAGE_USAGE_COLOR_ATTACHMENT_BIT, supportsExternalMemory? 1, requiresDedicated? 0
[0;39m[0;39mDEBUG   | Supported: VK_FORMAT_A1R5G5B5_UNORM_PACK16 VK_IMAGE_TYPE_2D VK_IMAGE_TILING_OPTIMAL VK_IMAGE_USAGE_INPUT_ATTACHMENT_BIT, supportsExternalMemory? 1, requiresDedicated? 0
[0;39m[0;39mDEBUG   | Supported: VK_FORMAT_A1R5G5B5_UNORM_PACK16 VK_IMAGE_TYPE_2D VK_IMAGE_TILING_OPTIMAL VK_IMAGE_USAGE_SAMPLED_BIT, supportsExternalMemory? 1, requiresDedicated? 0
[0;39m[0;39mDEBUG   | Supported: VK_FORMAT_A1R5G5B5_UNORM_PACK16 VK_IMAGE_TYPE_2D VK_IMAGE_TILING_OPTIMAL VK_IMAGE_USAGE_TRANSFER_SRC_BIT, supportsExternalMemory? 1, requiresDedicated? 0
[0;39m[0;39mDEBUG   | Supported: VK_FORMAT_A1R5G5B5_UNORM_PACK16 VK_IMAGE_TYPE_2D VK_IMAGE_TILING_OPTIMAL VK_IMAGE_USAGE_TRANSFER_DST_BIT, supportsExternalMemory? 1, requiresDedicated? 0
[0;39m[0;39mDEBUG   | Supported: VK_FORMAT_R16G16B16A16_SFLOAT VK_IMAGE_TYPE_2D VK_IMAGE_TILING_LINEAR VK_IMAGE_USAGE_COLOR_ATTACHMENT_BIT, supportsExternalMemory? 1, requiresDedicated? 0
[0;39m[0;39mDEBUG   | Not Supported: VK_FORMAT_R16G16B16A16_SFLOAT VK_IMAGE_TYPE_2D VK_IMAGE_TILING_LINEAR VK_IMAGE_USAGE_INPUT_ATTACHMENT_BIT
[0;39m[0;39mDEBUG   | Supported: VK_FORMAT_R16G16B16A16_SFLOAT VK_IMAGE_TYPE_2D VK_IMAGE_TILING_LINEAR VK_IMAGE_USAGE_SAMPLED_BIT, supportsExternalMemory? 1, requiresDedicated? 0
[0;39m[0;39mDEBUG   | Supported: VK_FORMAT_R16G16B16A16_SFLOAT VK_IMAGE_TYPE_2D VK_IMAGE_TILING_LINEAR VK_IMAGE_USAGE_TRANSFER_SRC_BIT, supportsExternalMemory? 1, requiresDedicated? 0
[0;39m[0;39mDEBUG   | Supported: VK_FORMAT_R16G16B16A16_SFLOAT VK_IMAGE_TYPE_2D VK_IMAGE_TILING_LINEAR VK_IMAGE_USAGE_TRANSFER_DST_BIT, supportsExternalMemory? 1, requiresDedicated? 0
[0;39m[0;39mDEBUG   | Supported: VK_FORMAT_R16G16B16A16_SFLOAT VK_IMAGE_TYPE_2D VK_IMAGE_TILING_OPTIMAL VK_IMAGE_USAGE_COLOR_ATTACHMENT_BIT, supportsExternalMemory? 1, requiresDedicated? 0
[0;39m[0;39mDEBUG   | Supported: VK_FORMAT_R16G16B16A16_SFLOAT VK_IMAGE_TYPE_2D VK_IMAGE_TILING_OPTIMAL VK_IMAGE_USAGE_INPUT_ATTACHMENT_BIT, supportsExternalMemory? 1, requiresDedicated? 0
[0;39m[0;39mDEBUG   | Supported: VK_FORMAT_R16G16B16A16_SFLOAT VK_IMAGE_TYPE_2D VK_IMAGE_TILING_OPTIMAL VK_IMAGE_USAGE_SAMPLED_BIT, supportsExternalMemory? 1, requiresDedicated? 0
[0;39m[0;39mDEBUG   | Supported: VK_FORMAT_R16G16B16A16_SFLOAT VK_IMAGE_TYPE_2D VK_IMAGE_TILING_OPTIMAL VK_IMAGE_USAGE_TRANSFER_SRC_BIT, supportsExternalMemory? 1, requiresDedicated? 0
[0;39m[0;39mDEBUG   | Supported: VK_FORMAT_R16G16B16A16_SFLOAT VK_IMAGE_TYPE_2D VK_IMAGE_TILING_OPTIMAL VK_IMAGE_USAGE_TRANSFER_DST_BIT, supportsExternalMemory? 1, requiresDedicated? 0
[0;39m[0;39mDEBUG   | Not Supported: VK_FORMAT_R16G16B16_SFLOAT VK_IMAGE_TYPE_2D VK_IMAGE_TILING_LINEAR VK_IMAGE_USAGE_COLOR_ATTACHMENT_BIT
[0;39m[0;39mDEBUG   | Not Supported: VK_FORMAT_R16G16B16_SFLOAT VK_IMAGE_TYPE_2D VK_IMAGE_TILING_LINEAR VK_IMAGE_USAGE_INPUT_ATTACHMENT_BIT
[0;39m[0;39mDEBUG   | Not Supported: VK_FORMAT_R16G16B16_SFLOAT VK_IMAGE_TYPE_2D VK_IMAGE_TILING_LINEAR VK_IMAGE_USAGE_SAMPLED_BIT
[0;39m[0;39mDEBUG   | Not Supported: VK_FORMAT_R16G16B16_SFLOAT VK_IMAGE_TYPE_2D VK_IMAGE_TILING_LINEAR VK_IMAGE_USAGE_TRANSFER_SRC_BIT
[0;39m[0;39mDEBUG   | Not Supported: VK_FORMAT_R16G16B16_SFLOAT VK_IMAGE_TYPE_2D VK_IMAGE_TILING_LINEAR VK_IMAGE_USAGE_TRANSFER_DST_BIT
[0;39m[0;39mDEBUG   | Not Supported: VK_FORMAT_R16G16B16_SFLOAT VK_IMAGE_TYPE_2D VK_IMAGE_TILING_OPTIMAL VK_IMAGE_USAGE_COLOR_ATTACHMENT_BIT
[0;39m[0;39mDEBUG   | Not Supported: VK_FORMAT_R16G16B16_SFLOAT VK_IMAGE_TYPE_2D VK_IMAGE_TILING_OPTIMAL VK_IMAGE_USAGE_INPUT_ATTACHMENT_BIT
[0;39m[0;39mDEBUG   | Not Supported: VK_FORMAT_R16G16B16_SFLOAT VK_IMAGE_TYPE_2D VK_IMAGE_TILING_OPTIMAL VK_IMAGE_USAGE_SAMPLED_BIT
[0;39m[0;39mDEBUG   | Not Supported: VK_FORMAT_R16G16B16_SFLOAT VK_IMAGE_TYPE_2D VK_IMAGE_TILING_OPTIMAL VK_IMAGE_USAGE_TRANSFER_SRC_BIT
[0;39m[0;39mDEBUG   | Not Supported: VK_FORMAT_R16G16B16_SFLOAT VK_IMAGE_TYPE_2D VK_IMAGE_TILING_OPTIMAL VK_IMAGE_USAGE_TRANSFER_DST_BIT
[0;39m[0;39mDEBUG   | Supported: VK_FORMAT_B8G8R8A8_UNORM VK_IMAGE_TYPE_2D VK_IMAGE_TILING_LINEAR VK_IMAGE_USAGE_COLOR_ATTACHMENT_BIT, supportsExternalMemory? 1, requiresDedicated? 0
[0;39m[0;39mDEBUG   | Not Supported: VK_FORMAT_B8G8R8A8_UNORM VK_IMAGE_TYPE_2D VK_IMAGE_TILING_LINEAR VK_IMAGE_USAGE_INPUT_ATTACHMENT_BIT
[0;39m[0;39mDEBUG   | Supported: VK_FORMAT_B8G8R8A8_UNORM VK_IMAGE_TYPE_2D VK_IMAGE_TILING_LINEAR VK_IMAGE_USAGE_SAMPLED_BIT, supportsExternalMemory? 1, requiresDedicated? 0
[0;39m[0;39mDEBUG   | Supported: VK_FORMAT_B8G8R8A8_UNORM VK_IMAGE_TYPE_2D VK_IMAGE_TILING_LINEAR VK_IMAGE_USAGE_TRANSFER_SRC_BIT, supportsExternalMemory? 1, requiresDedicated? 0
[0;39m[0;39mDEBUG   | Supported: VK_FORMAT_B8G8R8A8_UNORM VK_IMAGE_TYPE_2D VK_IMAGE_TILING_LINEAR VK_IMAGE_USAGE_TRANSFER_DST_BIT, supportsExternalMemory? 1, requiresDedicated? 0
[0;39m[0;39mDEBUG   | Supported: VK_FORMAT_B8G8R8A8_UNORM VK_IMAGE_TYPE_2D VK_IMAGE_TILING_OPTIMAL VK_IMAGE_USAGE_COLOR_ATTACHMENT_BIT, supportsExternalMemory? 1, requiresDedicated? 0
[0;39m[0;39mDEBUG   | Supported: VK_FORMAT_B8G8R8A8_UNORM VK_IMAGE_TYPE_2D VK_IMAGE_TILING_OPTIMAL VK_IMAGE_USAGE_INPUT_ATTACHMENT_BIT, supportsExternalMemory? 1, requiresDedicated? 0
[0;39m[0;39mDEBUG   | Supported: VK_FORMAT_B8G8R8A8_UNORM VK_IMAGE_TYPE_2D VK_IMAGE_TILING_OPTIMAL VK_IMAGE_USAGE_SAMPLED_BIT, supportsExternalMemory? 1, requiresDedicated? 0
[0;39m[0;39mDEBUG   | Supported: VK_FORMAT_B8G8R8A8_UNORM VK_IMAGE_TYPE_2D VK_IMAGE_TILING_OPTIMAL VK_IMAGE_USAGE_TRANSFER_SRC_BIT, supportsExternalMemory? 1, requiresDedicated? 0
[0;39m[0;39mDEBUG   | Supported: VK_FORMAT_B8G8R8A8_UNORM VK_IMAGE_TYPE_2D VK_IMAGE_TILING_OPTIMAL VK_IMAGE_USAGE_TRANSFER_DST_BIT, supportsExternalMemory? 1, requiresDedicated? 0
[0;39m[0;39mDEBUG   | Supported: VK_FORMAT_B4G4R4A4_UNORM_PACK16 VK_IMAGE_TYPE_2D VK_IMAGE_TILING_LINEAR VK_IMAGE_USAGE_COLOR_ATTACHMENT_BIT, supportsExternalMemory? 1, requiresDedicated? 0
[0;39m[0;39mDEBUG   | Not Supported: VK_FORMAT_B4G4R4A4_UNORM_PACK16 VK_IMAGE_TYPE_2D VK_IMAGE_TILING_LINEAR VK_IMAGE_USAGE_INPUT_ATTACHMENT_BIT
[0;39m[0;39mDEBUG   | Supported: VK_FORMAT_B4G4R4A4_UNORM_PACK16 VK_IMAGE_TYPE_2D VK_IMAGE_TILING_LINEAR VK_IMAGE_USAGE_SAMPLED_BIT, supportsExternalMemory? 1, requiresDedicated? 0
[0;39m[0;39mDEBUG   | Supported: VK_FORMAT_B4G4R4A4_UNORM_PACK16 VK_IMAGE_TYPE_2D VK_IMAGE_TILING_LINEAR VK_IMAGE_USAGE_TRANSFER_SRC_BIT, supportsExternalMemory? 1, requiresDedicated? 0
[0;39m[0;39mDEBUG   | Supported: VK_FORMAT_B4G4R4A4_UNORM_PACK16 VK_IMAGE_TYPE_2D VK_IMAGE_TILING_LINEAR VK_IMAGE_USAGE_TRANSFER_DST_BIT, supportsExternalMemory? 1, requiresDedicated? 0
[0;39m[0;39mDEBUG   | Supported: VK_FORMAT_B4G4R4A4_UNORM_PACK16 VK_IMAGE_TYPE_2D VK_IMAGE_TILING_OPTIMAL VK_IMAGE_USAGE_COLOR_ATTACHMENT_BIT, supportsExternalMemory? 1, requiresDedicated? 0
[0;39m[0;39mDEBUG   | Supported: VK_FORMAT_B4G4R4A4_UNORM_PACK16 VK_IMAGE_TYPE_2D VK_IMAGE_TILING_OPTIMAL VK_IMAGE_USAGE_INPUT_ATTACHMENT_BIT, supportsExternalMemory? 1, requiresDedicated? 0
[0;39m[0;39mDEBUG   | Supported: VK_FORMAT_B4G4R4A4_UNORM_PACK16 VK_IMAGE_TYPE_2D VK_IMAGE_TILING_OPTIMAL VK_IMAGE_USAGE_SAMPLED_BIT, supportsExternalMemory? 1, requiresDedicated? 0
[0;39m[0;39mDEBUG   | Supported: VK_FORMAT_B4G4R4A4_UNORM_PACK16 VK_IMAGE_TYPE_2D VK_IMAGE_TILING_OPTIMAL VK_IMAGE_USAGE_TRANSFER_SRC_BIT, supportsExternalMemory? 1, requiresDedicated? 0
[0;39m[0;39mDEBUG   | Supported: VK_FORMAT_B4G4R4A4_UNORM_PACK16 VK_IMAGE_TYPE_2D VK_IMAGE_TILING_OPTIMAL VK_IMAGE_USAGE_TRANSFER_DST_BIT, supportsExternalMemory? 1, requiresDedicated? 0
[0;39m[0;39mDEBUG   | Supported: VK_FORMAT_R4G4B4A4_UNORM_PACK16 VK_IMAGE_TYPE_2D VK_IMAGE_TILING_LINEAR VK_IMAGE_USAGE_COLOR_ATTACHMENT_BIT, supportsExternalMemory? 1, requiresDedicated? 0
[0;39m[0;39mDEBUG   | Not Supported: VK_FORMAT_R4G4B4A4_UNORM_PACK16 VK_IMAGE_TYPE_2D VK_IMAGE_TILING_LINEAR VK_IMAGE_USAGE_INPUT_ATTACHMENT_BIT
[0;39m[0;39mDEBUG   | Supported: VK_FORMAT_R4G4B4A4_UNORM_PACK16 VK_IMAGE_TYPE_2D VK_IMAGE_TILING_LINEAR VK_IMAGE_USAGE_SAMPLED_BIT, supportsExternalMemory? 1, requiresDedicated? 0
[0;39m[0;39mDEBUG   | Supported: VK_FORMAT_R4G4B4A4_UNORM_PACK16 VK_IMAGE_TYPE_2D VK_IMAGE_TILING_LINEAR VK_IMAGE_USAGE_TRANSFER_SRC_BIT, supportsExternalMemory? 1, requiresDedicated? 0
[0;39m[0;39mDEBUG   | Supported: VK_FORMAT_R4G4B4A4_UNORM_PACK16 VK_IMAGE_TYPE_2D VK_IMAGE_TILING_LINEAR VK_IMAGE_USAGE_TRANSFER_DST_BIT, supportsExternalMemory? 1, requiresDedicated? 0
[0;39m[0;39mDEBUG   | Supported: VK_FORMAT_R4G4B4A4_UNORM_PACK16 VK_IMAGE_TYPE_2D VK_IMAGE_TILING_OPTIMAL VK_IMAGE_USAGE_COLOR_ATTACHMENT_BIT, supportsExternalMemory? 1, requiresDedicated? 0
[0;39m[0;39mDEBUG   | Supported: VK_FORMAT_R4G4B4A4_UNORM_PACK16 VK_IMAGE_TYPE_2D VK_IMAGE_TILING_OPTIMAL VK_IMAGE_USAGE_INPUT_ATTACHMENT_BIT, supportsExternalMemory? 1, requiresDedicated? 0
[0;39m[0;39mDEBUG   | Supported: VK_FORMAT_R4G4B4A4_UNORM_PACK16 VK_IMAGE_TYPE_2D VK_IMAGE_TILING_OPTIMAL VK_IMAGE_USAGE_SAMPLED_BIT, supportsExternalMemory? 1, requiresDedicated? 0
[0;39m[0;39mDEBUG   | Supported: VK_FORMAT_R4G4B4A4_UNORM_PACK16 VK_IMAGE_TYPE_2D VK_IMAGE_TILING_OPTIMAL VK_IMAGE_USAGE_TRANSFER_SRC_BIT, supportsExternalMemory? 1, requiresDedicated? 0
[0;39m[0;39mDEBUG   | Supported: VK_FORMAT_R4G4B4A4_UNORM_PACK16 VK_IMAGE_TYPE_2D VK_IMAGE_TILING_OPTIMAL VK_IMAGE_USAGE_TRANSFER_DST_BIT, supportsExternalMemory? 1, requiresDedicated? 0
[0;39m[0;39mDEBUG   | Supported: VK_FORMAT_R8_UNORM VK_IMAGE_TYPE_2D VK_IMAGE_TILING_LINEAR VK_IMAGE_USAGE_COLOR_ATTACHMENT_BIT, supportsExternalMemory? 1, requiresDedicated? 0
[0;39m[0;39mDEBUG   | Not Supported: VK_FORMAT_R8_UNORM VK_IMAGE_TYPE_2D VK_IMAGE_TILING_LINEAR VK_IMAGE_USAGE_INPUT_ATTACHMENT_BIT
[0;39m[0;39mDEBUG   | Supported: VK_FORMAT_R8_UNORM VK_IMAGE_TYPE_2D VK_IMAGE_TILING_LINEAR VK_IMAGE_USAGE_SAMPLED_BIT, supportsExternalMemory? 1, requiresDedicated? 0
[0;39m[0;39mDEBUG   | Supported: VK_FORMAT_R8_UNORM VK_IMAGE_TYPE_2D VK_IMAGE_TILING_LINEAR VK_IMAGE_USAGE_TRANSFER_SRC_BIT, supportsExternalMemory? 1, requiresDedicated? 0
[0;39m[0;39mDEBUG   | Supported: VK_FORMAT_R8_UNORM VK_IMAGE_TYPE_2D VK_IMAGE_TILING_LINEAR VK_IMAGE_USAGE_TRANSFER_DST_BIT, supportsExternalMemory? 1, requiresDedicated? 0
[0;39m[0;39mDEBUG   | Supported: VK_FORMAT_R8_UNORM VK_IMAGE_TYPE_2D VK_IMAGE_TILING_OPTIMAL VK_IMAGE_USAGE_COLOR_ATTACHMENT_BIT, supportsExternalMemory? 1, requiresDedicated? 0
[0;39m[0;39mDEBUG   | Supported: VK_FORMAT_R8_UNORM VK_IMAGE_TYPE_2D VK_IMAGE_TILING_OPTIMAL VK_IMAGE_USAGE_INPUT_ATTACHMENT_BIT, supportsExternalMemory? 1, requiresDedicated? 0
[0;39m[0;39mDEBUG   | Supported: VK_FORMAT_R8_UNORM VK_IMAGE_TYPE_2D VK_IMAGE_TILING_OPTIMAL VK_IMAGE_USAGE_SAMPLED_BIT, supportsExternalMemory? 1, requiresDedicated? 0
[0;39m[0;39mDEBUG   | Supported: VK_FORMAT_R8_UNORM VK_IMAGE_TYPE_2D VK_IMAGE_TILING_OPTIMAL VK_IMAGE_USAGE_TRANSFER_SRC_BIT, supportsExternalMemory? 1, requiresDedicated? 0
[0;39m[0;39mDEBUG   | Supported: VK_FORMAT_R8_UNORM VK_IMAGE_TYPE_2D VK_IMAGE_TILING_OPTIMAL VK_IMAGE_USAGE_TRANSFER_DST_BIT, supportsExternalMemory? 1, requiresDedicated? 0
[0;39m[0;39mDEBUG   | Supported: VK_FORMAT_R16_UNORM VK_IMAGE_TYPE_2D VK_IMAGE_TILING_LINEAR VK_IMAGE_USAGE_COLOR_ATTACHMENT_BIT, supportsExternalMemory? 1, requiresDedicated? 0
[0;39m[0;39mDEBUG   | Not Supported: VK_FORMAT_R16_UNORM VK_IMAGE_TYPE_2D VK_IMAGE_TILING_LINEAR VK_IMAGE_USAGE_INPUT_ATTACHMENT_BIT
[0;39m[0;39mDEBUG   | Supported: VK_FORMAT_R16_UNORM VK_IMAGE_TYPE_2D VK_IMAGE_TILING_LINEAR VK_IMAGE_USAGE_SAMPLED_BIT, supportsExternalMemory? 1, requiresDedicated? 0
[0;39m[0;39mDEBUG   | Supported: VK_FORMAT_R16_UNORM VK_IMAGE_TYPE_2D VK_IMAGE_TILING_LINEAR VK_IMAGE_USAGE_TRANSFER_SRC_BIT, supportsExternalMemory? 1, requiresDedicated? 0
[0;39m[0;39mDEBUG   | Supported: VK_FORMAT_R16_UNORM VK_IMAGE_TYPE_2D VK_IMAGE_TILING_LINEAR VK_IMAGE_USAGE_TRANSFER_DST_BIT, supportsExternalMemory? 1, requiresDedicated? 0
[0;39m[0;39mDEBUG   | Supported: VK_FORMAT_R16_UNORM VK_IMAGE_TYPE_2D VK_IMAGE_TILING_OPTIMAL VK_IMAGE_USAGE_COLOR_ATTACHMENT_BIT, supportsExternalMemory? 1, requiresDedicated? 0
[0;39m[0;39mDEBUG   | Supported: VK_FORMAT_R16_UNORM VK_IMAGE_TYPE_2D VK_IMAGE_TILING_OPTIMAL VK_IMAGE_USAGE_INPUT_ATTACHMENT_BIT, supportsExternalMemory? 1, requiresDedicated? 0
[0;39m[0;39mDEBUG   | Supported: VK_FORMAT_R16_UNORM VK_IMAGE_TYPE_2D VK_IMAGE_TILING_OPTIMAL VK_IMAGE_USAGE_SAMPLED_BIT, supportsExternalMemory? 1, requiresDedicated? 0
[0;39m[0;39mDEBUG   | Supported: VK_FORMAT_R16_UNORM VK_IMAGE_TYPE_2D VK_IMAGE_TILING_OPTIMAL VK_IMAGE_USAGE_TRANSFER_SRC_BIT, supportsExternalMemory? 1, requiresDedicated? 0
[0;39m[0;39mDEBUG   | Supported: VK_FORMAT_R16_UNORM VK_IMAGE_TYPE_2D VK_IMAGE_TILING_OPTIMAL VK_IMAGE_USAGE_TRANSFER_DST_BIT, supportsExternalMemory? 1, requiresDedicated? 0
[0;39m[0;39mDEBUG   | Not Supported: VK_FORMAT_A2R10G10B10_UINT_PACK32 VK_IMAGE_TYPE_2D VK_IMAGE_TILING_LINEAR VK_IMAGE_USAGE_COLOR_ATTACHMENT_BIT
[0;39m[0;39mDEBUG   | Not Supported: VK_FORMAT_A2R10G10B10_UINT_PACK32 VK_IMAGE_TYPE_2D VK_IMAGE_TILING_LINEAR VK_IMAGE_USAGE_INPUT_ATTACHMENT_BIT
[0;39m[0;39mDEBUG   | Supported: VK_FORMAT_A2R10G10B10_UINT_PACK32 VK_IMAGE_TYPE_2D VK_IMAGE_TILING_LINEAR VK_IMAGE_USAGE_SAMPLED_BIT, supportsExternalMemory? 1, requiresDedicated? 0
[0;39m[0;39mDEBUG   | Supported: VK_FORMAT_A2R10G10B10_UINT_PACK32 VK_IMAGE_TYPE_2D VK_IMAGE_TILING_LINEAR VK_IMAGE_USAGE_TRANSFER_SRC_BIT, supportsExternalMemory? 1, requiresDedicated? 0
[0;39m[0;39mDEBUG   | Supported: VK_FORMAT_A2R10G10B10_UINT_PACK32 VK_IMAGE_TYPE_2D VK_IMAGE_TILING_LINEAR VK_IMAGE_USAGE_TRANSFER_DST_BIT, supportsExternalMemory? 1, requiresDedicated? 0
[0;39m[0;39mDEBUG   | Not Supported: VK_FORMAT_A2R10G10B10_UINT_PACK32 VK_IMAGE_TYPE_2D VK_IMAGE_TILING_OPTIMAL VK_IMAGE_USAGE_COLOR_ATTACHMENT_BIT
[0;39m[0;39mDEBUG   | Not Supported: VK_FORMAT_A2R10G10B10_UINT_PACK32 VK_IMAGE_TYPE_2D VK_IMAGE_TILING_OPTIMAL VK_IMAGE_USAGE_INPUT_ATTACHMENT_BIT
[0;39m[0;39mDEBUG   | Supported: VK_FORMAT_A2R10G10B10_UINT_PACK32 VK_IMAGE_TYPE_2D VK_IMAGE_TILING_OPTIMAL VK_IMAGE_USAGE_SAMPLED_BIT, supportsExternalMemory? 1, requiresDedicated? 0
[0;39m[0;39mDEBUG   | Supported: VK_FORMAT_A2R10G10B10_UINT_PACK32 VK_IMAGE_TYPE_2D VK_IMAGE_TILING_OPTIMAL VK_IMAGE_USAGE_TRANSFER_SRC_BIT, supportsExternalMemory? 1, requiresDedicated? 0
[0;39m[0;39mDEBUG   | Supported: VK_FORMAT_A2R10G10B10_UINT_PACK32 VK_IMAGE_TYPE_2D VK_IMAGE_TILING_OPTIMAL VK_IMAGE_USAGE_TRANSFER_DST_BIT, supportsExternalMemory? 1, requiresDedicated? 0
[0;39m[0;39mDEBUG   | Supported: VK_FORMAT_A2R10G10B10_UNORM_PACK32 VK_IMAGE_TYPE_2D VK_IMAGE_TILING_LINEAR VK_IMAGE_USAGE_COLOR_ATTACHMENT_BIT, supportsExternalMemory? 1, requiresDedicated? 0
[0;39m[0;39mDEBUG   | Not Supported: VK_FORMAT_A2R10G10B10_UNORM_PACK32 VK_IMAGE_TYPE_2D VK_IMAGE_TILING_LINEAR VK_IMAGE_USAGE_INPUT_ATTACHMENT_BIT
[0;39m[0;39mDEBUG   | Supported: VK_FORMAT_A2R10G10B10_UNORM_PACK32 VK_IMAGE_TYPE_2D VK_IMAGE_TILING_LINEAR VK_IMAGE_USAGE_SAMPLED_BIT, supportsExternalMemory? 1, requiresDedicated? 0
[0;39m[0;39mDEBUG   | Supported: VK_FORMAT_A2R10G10B10_UNORM_PACK32 VK_IMAGE_TYPE_2D VK_IMAGE_TILING_LINEAR VK_IMAGE_USAGE_TRANSFER_SRC_BIT, supportsExternalMemory? 1, requiresDedicated? 0
[0;39m[0;39mDEBUG   | Supported: VK_FORMAT_A2R10G10B10_UNORM_PACK32 VK_IMAGE_TYPE_2D VK_IMAGE_TILING_LINEAR VK_IMAGE_USAGE_TRANSFER_DST_BIT, supportsExternalMemory? 1, requiresDedicated? 0
[0;39m[0;39mDEBUG   | Supported: VK_FORMAT_A2R10G10B10_UNORM_PACK32 VK_IMAGE_TYPE_2D VK_IMAGE_TILING_OPTIMAL VK_IMAGE_USAGE_COLOR_ATTACHMENT_BIT, supportsExternalMemory? 1, requiresDedicated? 0
[0;39m[0;39mDEBUG   | Supported: VK_FORMAT_A2R10G10B10_UNORM_PACK32 VK_IMAGE_TYPE_2D VK_IMAGE_TILING_OPTIMAL VK_IMAGE_USAGE_INPUT_ATTACHMENT_BIT, supportsExternalMemory? 1, requiresDedicated? 0
[0;39m[0;39mDEBUG   | Supported: VK_FORMAT_A2R10G10B10_UNORM_PACK32 VK_IMAGE_TYPE_2D VK_IMAGE_TILING_OPTIMAL VK_IMAGE_USAGE_SAMPLED_BIT, supportsExternalMemory? 1, requiresDedicated? 0
[0;39m[0;39mDEBUG   | Supported: VK_FORMAT_A2R10G10B10_UNORM_PACK32 VK_IMAGE_TYPE_2D VK_IMAGE_TILING_OPTIMAL VK_IMAGE_USAGE_TRANSFER_SRC_BIT, supportsExternalMemory? 1, requiresDedicated? 0
[0;39m[0;39mDEBUG   | Supported: VK_FORMAT_A2R10G10B10_UNORM_PACK32 VK_IMAGE_TYPE_2D VK_IMAGE_TILING_OPTIMAL VK_IMAGE_USAGE_TRANSFER_DST_BIT, supportsExternalMemory? 1, requiresDedicated? 0
[0;39m[0;39mDEBUG   | Supported: VK_FORMAT_A2B10G10R10_UNORM_PACK32 VK_IMAGE_TYPE_2D VK_IMAGE_TILING_LINEAR VK_IMAGE_USAGE_COLOR_ATTACHMENT_BIT, supportsExternalMemory? 1, requiresDedicated? 0
[0;39m[0;39mDEBUG   | Not Supported: VK_FORMAT_A2B10G10R10_UNORM_PACK32 VK_IMAGE_TYPE_2D VK_IMAGE_TILING_LINEAR VK_IMAGE_USAGE_INPUT_ATTACHMENT_BIT
[0;39m[0;39mDEBUG   | Supported: VK_FORMAT_A2B10G10R10_UNORM_PACK32 VK_IMAGE_TYPE_2D VK_IMAGE_TILING_LINEAR VK_IMAGE_USAGE_SAMPLED_BIT, supportsExternalMemory? 1, requiresDedicated? 0
[0;39m[0;39mDEBUG   | Supported: VK_FORMAT_A2B10G10R10_UNORM_PACK32 VK_IMAGE_TYPE_2D VK_IMAGE_TILING_LINEAR VK_IMAGE_USAGE_TRANSFER_SRC_BIT, supportsExternalMemory? 1, requiresDedicated? 0
[0;39m[0;39mDEBUG   | Supported: VK_FORMAT_A2B10G10R10_UNORM_PACK32 VK_IMAGE_TYPE_2D VK_IMAGE_TILING_LINEAR VK_IMAGE_USAGE_TRANSFER_DST_BIT, supportsExternalMemory? 1, requiresDedicated? 0
[0;39m[0;39mDEBUG   | Supported: VK_FORMAT_A2B10G10R10_UNORM_PACK32 VK_IMAGE_TYPE_2D VK_IMAGE_TILING_OPTIMAL VK_IMAGE_USAGE_COLOR_ATTACHMENT_BIT, supportsExternalMemory? 1, requiresDedicated? 0
[0;39m[0;39mDEBUG   | Supported: VK_FORMAT_A2B10G10R10_UNORM_PACK32 VK_IMAGE_TYPE_2D VK_IMAGE_TILING_OPTIMAL VK_IMAGE_USAGE_INPUT_ATTACHMENT_BIT, supportsExternalMemory? 1, requiresDedicated? 0
[0;39m[0;39mDEBUG   | Supported: VK_FORMAT_A2B10G10R10_UNORM_PACK32 VK_IMAGE_TYPE_2D VK_IMAGE_TILING_OPTIMAL VK_IMAGE_USAGE_SAMPLED_BIT, supportsExternalMemory? 1, requiresDedicated? 0
[0;39m[0;39mDEBUG   | Supported: VK_FORMAT_A2B10G10R10_UNORM_PACK32 VK_IMAGE_TYPE_2D VK_IMAGE_TILING_OPTIMAL VK_IMAGE_USAGE_TRANSFER_SRC_BIT, supportsExternalMemory? 1, requiresDedicated? 0
[0;39m[0;39mDEBUG   | Supported: VK_FORMAT_A2B10G10R10_UNORM_PACK32 VK_IMAGE_TYPE_2D VK_IMAGE_TILING_OPTIMAL VK_IMAGE_USAGE_TRANSFER_DST_BIT, supportsExternalMemory? 1, requiresDedicated? 0
[0;39m[0;39mDEBUG   | Not Supported: VK_FORMAT_ETC2_R8G8B8A8_UNORM_BLOCK VK_IMAGE_TYPE_2D VK_IMAGE_TILING_LINEAR VK_IMAGE_USAGE_COLOR_ATTACHMENT_BIT
[0;39m[0;39mDEBUG   | Not Supported: VK_FORMAT_ETC2_R8G8B8A8_UNORM_BLOCK VK_IMAGE_TYPE_2D VK_IMAGE_TILING_LINEAR VK_IMAGE_USAGE_INPUT_ATTACHMENT_BIT
[0;39m[0;39mDEBUG   | Not Supported: VK_FORMAT_ETC2_R8G8B8A8_UNORM_BLOCK VK_IMAGE_TYPE_2D VK_IMAGE_TILING_LINEAR VK_IMAGE_USAGE_SAMPLED_BIT
[0;39m[0;39mDEBUG   | Not Supported: VK_FORMAT_ETC2_R8G8B8A8_UNORM_BLOCK VK_IMAGE_TYPE_2D VK_IMAGE_TILING_LINEAR VK_IMAGE_USAGE_TRANSFER_SRC_BIT
[0;39m[0;39mDEBUG   | Not Supported: VK_FORMAT_ETC2_R8G8B8A8_UNORM_BLOCK VK_IMAGE_TYPE_2D VK_IMAGE_TILING_LINEAR VK_IMAGE_USAGE_TRANSFER_DST_BIT
[0;39m[0;39mDEBUG   | Not Supported: VK_FORMAT_ETC2_R8G8B8A8_UNORM_BLOCK VK_IMAGE_TYPE_2D VK_IMAGE_TILING_OPTIMAL VK_IMAGE_USAGE_COLOR_ATTACHMENT_BIT
[0;39m[0;39mDEBUG   | Not Supported: VK_FORMAT_ETC2_R8G8B8A8_UNORM_BLOCK VK_IMAGE_TYPE_2D VK_IMAGE_TILING_OPTIMAL VK_IMAGE_USAGE_INPUT_ATTACHMENT_BIT
[0;39m[0;39mDEBUG   | Not Supported: VK_FORMAT_ETC2_R8G8B8A8_UNORM_BLOCK VK_IMAGE_TYPE_2D VK_IMAGE_TILING_OPTIMAL VK_IMAGE_USAGE_SAMPLED_BIT
[0;39m[0;39mDEBUG   | Not Supported: VK_FORMAT_ETC2_R8G8B8A8_UNORM_BLOCK VK_IMAGE_TYPE_2D VK_IMAGE_TILING_OPTIMAL VK_IMAGE_USAGE_TRANSFER_SRC_BIT
[0;39m[0;39mDEBUG   | Not Supported: VK_FORMAT_ETC2_R8G8B8A8_UNORM_BLOCK VK_IMAGE_TYPE_2D VK_IMAGE_TILING_OPTIMAL VK_IMAGE_USAGE_TRANSFER_DST_BIT
[0;39m[0;39mDEBUG   | Not Supported: VK_FORMAT_ASTC_4x4_UNORM_BLOCK VK_IMAGE_TYPE_2D VK_IMAGE_TILING_LINEAR VK_IMAGE_USAGE_COLOR_ATTACHMENT_BIT
[0;39m[0;39mDEBUG   | Not Supported: VK_FORMAT_ASTC_4x4_UNORM_BLOCK VK_IMAGE_TYPE_2D VK_IMAGE_TILING_LINEAR VK_IMAGE_USAGE_INPUT_ATTACHMENT_BIT
[0;39m[0;39mDEBUG   | Not Supported: VK_FORMAT_ASTC_4x4_UNORM_BLOCK VK_IMAGE_TYPE_2D VK_IMAGE_TILING_LINEAR VK_IMAGE_USAGE_SAMPLED_BIT
[0;39m[0;39mDEBUG   | Not Supported: VK_FORMAT_ASTC_4x4_UNORM_BLOCK VK_IMAGE_TYPE_2D VK_IMAGE_TILING_LINEAR VK_IMAGE_USAGE_TRANSFER_SRC_BIT
[0;39m[0;39mDEBUG   | Not Supported: VK_FORMAT_ASTC_4x4_UNORM_BLOCK VK_IMAGE_TYPE_2D VK_IMAGE_TILING_LINEAR VK_IMAGE_USAGE_TRANSFER_DST_BIT
[0;39m[0;39mDEBUG   | Not Supported: VK_FORMAT_ASTC_4x4_UNORM_BLOCK VK_IMAGE_TYPE_2D VK_IMAGE_TILING_OPTIMAL VK_IMAGE_USAGE_COLOR_ATTACHMENT_BIT
[0;39m[0;39mDEBUG   | Not Supported: VK_FORMAT_ASTC_4x4_UNORM_BLOCK VK_IMAGE_TYPE_2D VK_IMAGE_TILING_OPTIMAL VK_IMAGE_USAGE_INPUT_ATTACHMENT_BIT
[0;39m[0;39mDEBUG   | Not Supported: VK_FORMAT_ASTC_4x4_UNORM_BLOCK VK_IMAGE_TYPE_2D VK_IMAGE_TILING_OPTIMAL VK_IMAGE_USAGE_SAMPLED_BIT
[0;39m[0;39mDEBUG   | Not Supported: VK_FORMAT_ASTC_4x4_UNORM_BLOCK VK_IMAGE_TYPE_2D VK_IMAGE_TILING_OPTIMAL VK_IMAGE_USAGE_TRANSFER_SRC_BIT
[0;39m[0;39mDEBUG   | Not Supported: VK_FORMAT_ASTC_4x4_UNORM_BLOCK VK_IMAGE_TYPE_2D VK_IMAGE_TILING_OPTIMAL VK_IMAGE_USAGE_TRANSFER_DST_BIT
[0;39m[0;39mDEBUG   | Not Supported: VK_FORMAT_G8_B8R8_2PLANE_420_UNORM VK_IMAGE_TYPE_2D VK_IMAGE_TILING_LINEAR VK_IMAGE_USAGE_COLOR_ATTACHMENT_BIT
[0;39m[0;39mDEBUG   | Not Supported: VK_FORMAT_G8_B8R8_2PLANE_420_UNORM VK_IMAGE_TYPE_2D VK_IMAGE_TILING_LINEAR VK_IMAGE_USAGE_INPUT_ATTACHMENT_BIT
[0;39m[0;39mDEBUG   | Supported: VK_FORMAT_G8_B8R8_2PLANE_420_UNORM VK_IMAGE_TYPE_2D VK_IMAGE_TILING_LINEAR VK_IMAGE_USAGE_SAMPLED_BIT, supportsExternalMemory? 1, requiresDedicated? 0
[0;39m[0;39mDEBUG   | Supported: VK_FORMAT_G8_B8R8_2PLANE_420_UNORM VK_IMAGE_TYPE_2D VK_IMAGE_TILING_LINEAR VK_IMAGE_USAGE_TRANSFER_SRC_BIT, supportsExternalMemory? 1, requiresDedicated? 0
[0;39m[0;39mDEBUG   | Supported: VK_FORMAT_G8_B8R8_2PLANE_420_UNORM VK_IMAGE_TYPE_2D VK_IMAGE_TILING_LINEAR VK_IMAGE_USAGE_TRANSFER_DST_BIT, supportsExternalMemory? 1, requiresDedicated? 0
[0;39m[0;39mDEBUG   | Not Supported: VK_FORMAT_G8_B8R8_2PLANE_420_UNORM VK_IMAGE_TYPE_2D VK_IMAGE_TILING_OPTIMAL VK_IMAGE_USAGE_COLOR_ATTACHMENT_BIT
[0;39m[0;39mDEBUG   | Not Supported: VK_FORMAT_G8_B8R8_2PLANE_420_UNORM VK_IMAGE_TYPE_2D VK_IMAGE_TILING_OPTIMAL VK_IMAGE_USAGE_INPUT_ATTACHMENT_BIT
[0;39m[0;39mDEBUG   | Supported: VK_FORMAT_G8_B8R8_2PLANE_420_UNORM VK_IMAGE_TYPE_2D VK_IMAGE_TILING_OPTIMAL VK_IMAGE_USAGE_SAMPLED_BIT, supportsExternalMemory? 1, requiresDedicated? 0
[0;39m[0;39mDEBUG   | Supported: VK_FORMAT_G8_B8R8_2PLANE_420_UNORM VK_IMAGE_TYPE_2D VK_IMAGE_TILING_OPTIMAL VK_IMAGE_USAGE_TRANSFER_SRC_BIT, supportsExternalMemory? 1, requiresDedicated? 0
[0;39m[0;39mDEBUG   | Supported: VK_FORMAT_G8_B8R8_2PLANE_420_UNORM VK_IMAGE_TYPE_2D VK_IMAGE_TILING_OPTIMAL VK_IMAGE_USAGE_TRANSFER_DST_BIT, supportsExternalMemory? 1, requiresDedicated? 0
[0;39m[0;39mDEBUG   | Not Supported: VK_FORMAT_G8_B8R8_2PLANE_422_UNORM VK_IMAGE_TYPE_2D VK_IMAGE_TILING_LINEAR VK_IMAGE_USAGE_COLOR_ATTACHMENT_BIT
[0;39m[0;39mDEBUG   | Not Supported: VK_FORMAT_G8_B8R8_2PLANE_422_UNORM VK_IMAGE_TYPE_2D VK_IMAGE_TILING_LINEAR VK_IMAGE_USAGE_INPUT_ATTACHMENT_BIT
[0;39m[0;39mDEBUG   | Supported: VK_FORMAT_G8_B8R8_2PLANE_422_UNORM VK_IMAGE_TYPE_2D VK_IMAGE_TILING_LINEAR VK_IMAGE_USAGE_SAMPLED_BIT, supportsExternalMemory? 1, requiresDedicated? 0
[0;39m[0;39mDEBUG   | Supported: VK_FORMAT_G8_B8R8_2PLANE_422_UNORM VK_IMAGE_TYPE_2D VK_IMAGE_TILING_LINEAR VK_IMAGE_USAGE_TRANSFER_SRC_BIT, supportsExternalMemory? 1, requiresDedicated? 0
[0;39m[0;39mDEBUG   | Supported: VK_FORMAT_G8_B8R8_2PLANE_422_UNORM VK_IMAGE_TYPE_2D VK_IMAGE_TILING_LINEAR VK_IMAGE_USAGE_TRANSFER_DST_BIT, supportsExternalMemory? 1, requiresDedicated? 0
[0;39m[0;39mDEBUG   | Not Supported: VK_FORMAT_G8_B8R8_2PLANE_422_UNORM VK_IMAGE_TYPE_2D VK_IMAGE_TILING_OPTIMAL VK_IMAGE_USAGE_COLOR_ATTACHMENT_BIT
[0;39m[0;39mDEBUG   | Not Supported: VK_FORMAT_G8_B8R8_2PLANE_422_UNORM VK_IMAGE_TYPE_2D VK_IMAGE_TILING_OPTIMAL VK_IMAGE_USAGE_INPUT_ATTACHMENT_BIT
[0;39m[0;39mDEBUG   | Supported: VK_FORMAT_G8_B8R8_2PLANE_422_UNORM VK_IMAGE_TYPE_2D VK_IMAGE_TILING_OPTIMAL VK_IMAGE_USAGE_SAMPLED_BIT, supportsExternalMemory? 1, requiresDedicated? 0
[0;39m[0;39mDEBUG   | Supported: VK_FORMAT_G8_B8R8_2PLANE_422_UNORM VK_IMAGE_TYPE_2D VK_IMAGE_TILING_OPTIMAL VK_IMAGE_USAGE_TRANSFER_SRC_BIT, supportsExternalMemory? 1, requiresDedicated? 0
[0;39m[0;39mDEBUG   | Supported: VK_FORMAT_G8_B8R8_2PLANE_422_UNORM VK_IMAGE_TYPE_2D VK_IMAGE_TILING_OPTIMAL VK_IMAGE_USAGE_TRANSFER_DST_BIT, supportsExternalMemory? 1, requiresDedicated? 0
[0;39m[0;39mDEBUG   | Not Supported: VK_FORMAT_G8_B8_R8_3PLANE_420_UNORM VK_IMAGE_TYPE_2D VK_IMAGE_TILING_LINEAR VK_IMAGE_USAGE_COLOR_ATTACHMENT_BIT
[0;39m[0;39mDEBUG   | Not Supported: VK_FORMAT_G8_B8_R8_3PLANE_420_UNORM VK_IMAGE_TYPE_2D VK_IMAGE_TILING_LINEAR VK_IMAGE_USAGE_INPUT_ATTACHMENT_BIT
[0;39m[0;39mDEBUG   | Supported: VK_FORMAT_G8_B8_R8_3PLANE_420_UNORM VK_IMAGE_TYPE_2D VK_IMAGE_TILING_LINEAR VK_IMAGE_USAGE_SAMPLED_BIT, supportsExternalMemory? 1, requiresDedicated? 0
[0;39m[0;39mDEBUG   | Supported: VK_FORMAT_G8_B8_R8_3PLANE_420_UNORM VK_IMAGE_TYPE_2D VK_IMAGE_TILING_LINEAR VK_IMAGE_USAGE_TRANSFER_SRC_BIT, supportsExternalMemory? 1, requiresDedicated? 0
[0;39m[0;39mDEBUG   | Supported: VK_FORMAT_G8_B8_R8_3PLANE_420_UNORM VK_IMAGE_TYPE_2D VK_IMAGE_TILING_LINEAR VK_IMAGE_USAGE_TRANSFER_DST_BIT, supportsExternalMemory? 1, requiresDedicated? 0
[0;39m[0;39mDEBUG   | Not Supported: VK_FORMAT_G8_B8_R8_3PLANE_420_UNORM VK_IMAGE_TYPE_2D VK_IMAGE_TILING_OPTIMAL VK_IMAGE_USAGE_COLOR_ATTACHMENT_BIT
[0;39m[0;39mDEBUG   | Not Supported: VK_FORMAT_G8_B8_R8_3PLANE_420_UNORM VK_IMAGE_TYPE_2D VK_IMAGE_TILING_OPTIMAL VK_IMAGE_USAGE_INPUT_ATTACHMENT_BIT
[0;39m[0;39mDEBUG   | Supported: VK_FORMAT_G8_B8_R8_3PLANE_420_UNORM VK_IMAGE_TYPE_2D VK_IMAGE_TILING_OPTIMAL VK_IMAGE_USAGE_SAMPLED_BIT, supportsExternalMemory? 1, requiresDedicated? 0
[0;39m[0;39mDEBUG   | Supported: VK_FORMAT_G8_B8_R8_3PLANE_420_UNORM VK_IMAGE_TYPE_2D VK_IMAGE_TILING_OPTIMAL VK_IMAGE_USAGE_TRANSFER_SRC_BIT, supportsExternalMemory? 1, requiresDedicated? 0
[0;39m[0;39mDEBUG   | Supported: VK_FORMAT_G8_B8_R8_3PLANE_420_UNORM VK_IMAGE_TYPE_2D VK_IMAGE_TILING_OPTIMAL VK_IMAGE_USAGE_TRANSFER_DST_BIT, supportsExternalMemory? 1, requiresDedicated? 0
[0;39m[0;39mDEBUG   | Not Supported: VK_FORMAT_G8_B8_R8_3PLANE_422_UNORM VK_IMAGE_TYPE_2D VK_IMAGE_TILING_LINEAR VK_IMAGE_USAGE_COLOR_ATTACHMENT_BIT
[0;39m[0;39mDEBUG   | Not Supported: VK_FORMAT_G8_B8_R8_3PLANE_422_UNORM VK_IMAGE_TYPE_2D VK_IMAGE_TILING_LINEAR VK_IMAGE_USAGE_INPUT_ATTACHMENT_BIT
[0;39m[0;39mDEBUG   | Supported: VK_FORMAT_G8_B8_R8_3PLANE_422_UNORM VK_IMAGE_TYPE_2D VK_IMAGE_TILING_LINEAR VK_IMAGE_USAGE_SAMPLED_BIT, supportsExternalMemory? 1, requiresDedicated? 0
[0;39m[0;39mDEBUG   | Supported: VK_FORMAT_G8_B8_R8_3PLANE_422_UNORM VK_IMAGE_TYPE_2D VK_IMAGE_TILING_LINEAR VK_IMAGE_USAGE_TRANSFER_SRC_BIT, supportsExternalMemory? 1, requiresDedicated? 0
[0;39m[0;39mDEBUG   | Supported: VK_FORMAT_G8_B8_R8_3PLANE_422_UNORM VK_IMAGE_TYPE_2D VK_IMAGE_TILING_LINEAR VK_IMAGE_USAGE_TRANSFER_DST_BIT, supportsExternalMemory? 1, requiresDedicated? 0
[0;39m[0;39mDEBUG   | Not Supported: VK_FORMAT_G8_B8_R8_3PLANE_422_UNORM VK_IMAGE_TYPE_2D VK_IMAGE_TILING_OPTIMAL VK_IMAGE_USAGE_COLOR_ATTACHMENT_BIT
[0;39m[0;39mDEBUG   | Not Supported: VK_FORMAT_G8_B8_R8_3PLANE_422_UNORM VK_IMAGE_TYPE_2D VK_IMAGE_TILING_OPTIMAL VK_IMAGE_USAGE_INPUT_ATTACHMENT_BIT
[0;39m[0;39mDEBUG   | Supported: VK_FORMAT_G8_B8_R8_3PLANE_422_UNORM VK_IMAGE_TYPE_2D VK_IMAGE_TILING_OPTIMAL VK_IMAGE_USAGE_SAMPLED_BIT, supportsExternalMemory? 1, requiresDedicated? 0
[0;39m[0;39mDEBUG   | Supported: VK_FORMAT_G8_B8_R8_3PLANE_422_UNORM VK_IMAGE_TYPE_2D VK_IMAGE_TILING_OPTIMAL VK_IMAGE_USAGE_TRANSFER_SRC_BIT, supportsExternalMemory? 1, requiresDedicated? 0
[0;39m[0;39mDEBUG   | Supported: VK_FORMAT_G8_B8_R8_3PLANE_422_UNORM VK_IMAGE_TYPE_2D VK_IMAGE_TILING_OPTIMAL VK_IMAGE_USAGE_TRANSFER_DST_BIT, supportsExternalMemory? 1, requiresDedicated? 0
[0;39m[0;39mDEBUG   | Not Supported: VK_FORMAT_G10X6_B10X6R10X6_2PLANE_420_UNORM_3PACK16 VK_IMAGE_TYPE_2D VK_IMAGE_TILING_LINEAR VK_IMAGE_USAGE_COLOR_ATTACHMENT_BIT
[0;39m[0;39mDEBUG   | Not Supported: VK_FORMAT_G10X6_B10X6R10X6_2PLANE_420_UNORM_3PACK16 VK_IMAGE_TYPE_2D VK_IMAGE_TILING_LINEAR VK_IMAGE_USAGE_INPUT_ATTACHMENT_BIT
[0;39m[0;39mDEBUG   | Supported: VK_FORMAT_G10X6_B10X6R10X6_2PLANE_420_UNORM_3PACK16 VK_IMAGE_TYPE_2D VK_IMAGE_TILING_LINEAR VK_IMAGE_USAGE_SAMPLED_BIT, supportsExternalMemory? 1, requiresDedicated? 0
[0;39m[0;39mDEBUG   | Supported: VK_FORMAT_G10X6_B10X6R10X6_2PLANE_420_UNORM_3PACK16 VK_IMAGE_TYPE_2D VK_IMAGE_TILING_LINEAR VK_IMAGE_USAGE_TRANSFER_SRC_BIT, supportsExternalMemory? 1, requiresDedicated? 0
[0;39m[0;39mDEBUG   | Supported: VK_FORMAT_G10X6_B10X6R10X6_2PLANE_420_UNORM_3PACK16 VK_IMAGE_TYPE_2D VK_IMAGE_TILING_LINEAR VK_IMAGE_USAGE_TRANSFER_DST_BIT, supportsExternalMemory? 1, requiresDedicated? 0
[0;39m[0;39mDEBUG   | Not Supported: VK_FORMAT_G10X6_B10X6R10X6_2PLANE_420_UNORM_3PACK16 VK_IMAGE_TYPE_2D VK_IMAGE_TILING_OPTIMAL VK_IMAGE_USAGE_COLOR_ATTACHMENT_BIT
[0;39m[0;39mDEBUG   | Not Supported: VK_FORMAT_G10X6_B10X6R10X6_2PLANE_420_UNORM_3PACK16 VK_IMAGE_TYPE_2D VK_IMAGE_TILING_OPTIMAL VK_IMAGE_USAGE_INPUT_ATTACHMENT_BIT
[0;39m[0;39mDEBUG   | Supported: VK_FORMAT_G10X6_B10X6R10X6_2PLANE_420_UNORM_3PACK16 VK_IMAGE_TYPE_2D VK_IMAGE_TILING_OPTIMAL VK_IMAGE_USAGE_SAMPLED_BIT, supportsExternalMemory? 1, requiresDedicated? 0
[0;39m[0;39mDEBUG   | Supported: VK_FORMAT_G10X6_B10X6R10X6_2PLANE_420_UNORM_3PACK16 VK_IMAGE_TYPE_2D VK_IMAGE_TILING_OPTIMAL VK_IMAGE_USAGE_TRANSFER_SRC_BIT, supportsExternalMemory? 1, requiresDedicated? 0
[0;39m[0;39mDEBUG   | Supported: VK_FORMAT_G10X6_B10X6R10X6_2PLANE_420_UNORM_3PACK16 VK_IMAGE_TYPE_2D VK_IMAGE_TILING_OPTIMAL VK_IMAGE_USAGE_TRANSFER_DST_BIT, supportsExternalMemory? 1, requiresDedicated? 0
[0;39m[0;39mDEBUG   | Supported: VK_FORMAT_D16_UNORM VK_IMAGE_TYPE_2D VK_IMAGE_TILING_OPTIMAL VK_IMAGE_USAGE_DEPTH_STENCIL_ATTACHMENT_BIT, supportsExternalMemory? 1, requiresDedicated? 0
[0;39m[0;39mDEBUG   | Supported: VK_FORMAT_D16_UNORM VK_IMAGE_TYPE_2D VK_IMAGE_TILING_OPTIMAL VK_IMAGE_USAGE_INPUT_ATTACHMENT_BIT, supportsExternalMemory? 1, requiresDedicated? 0
[0;39m[0;39mDEBUG   | Supported: VK_FORMAT_D16_UNORM VK_IMAGE_TYPE_2D VK_IMAGE_TILING_OPTIMAL VK_IMAGE_USAGE_SAMPLED_BIT, supportsExternalMemory? 1, requiresDedicated? 0
[0;39m[0;39mDEBUG   | Supported: VK_FORMAT_D16_UNORM VK_IMAGE_TYPE_2D VK_IMAGE_TILING_OPTIMAL VK_IMAGE_USAGE_TRANSFER_SRC_BIT, supportsExternalMemory? 1, requiresDedicated? 0
[0;39m[0;39mDEBUG   | Supported: VK_FORMAT_D16_UNORM VK_IMAGE_TYPE_2D VK_IMAGE_TILING_OPTIMAL VK_IMAGE_USAGE_TRANSFER_DST_BIT, supportsExternalMemory? 1, requiresDedicated? 0
[0;39m[0;39mDEBUG   | Supported: VK_FORMAT_X8_D24_UNORM_PACK32 VK_IMAGE_TYPE_2D VK_IMAGE_TILING_OPTIMAL VK_IMAGE_USAGE_DEPTH_STENCIL_ATTACHMENT_BIT, supportsExternalMemory? 1, requiresDedicated? 0
[0;39m[0;39mDEBUG   | Supported: VK_FORMAT_X8_D24_UNORM_PACK32 VK_IMAGE_TYPE_2D VK_IMAGE_TILING_OPTIMAL VK_IMAGE_USAGE_INPUT_ATTACHMENT_BIT, supportsExternalMemory? 1, requiresDedicated? 0
[0;39m[0;39mDEBUG   | Supported: VK_FORMAT_X8_D24_UNORM_PACK32 VK_IMAGE_TYPE_2D VK_IMAGE_TILING_OPTIMAL VK_IMAGE_USAGE_SAMPLED_BIT, supportsExternalMemory? 1, requiresDedicated? 0
[0;39m[0;39mDEBUG   | Supported: VK_FORMAT_X8_D24_UNORM_PACK32 VK_IMAGE_TYPE_2D VK_IMAGE_TILING_OPTIMAL VK_IMAGE_USAGE_TRANSFER_SRC_BIT, supportsExternalMemory? 1, requiresDedicated? 0
[0;39m[0;39mDEBUG   | Supported: VK_FORMAT_X8_D24_UNORM_PACK32 VK_IMAGE_TYPE_2D VK_IMAGE_TILING_OPTIMAL VK_IMAGE_USAGE_TRANSFER_DST_BIT, supportsExternalMemory? 1, requiresDedicated? 0
[0;39m[0;39mDEBUG   | Supported: VK_FORMAT_D24_UNORM_S8_UINT VK_IMAGE_TYPE_2D VK_IMAGE_TILING_OPTIMAL VK_IMAGE_USAGE_DEPTH_STENCIL_ATTACHMENT_BIT, supportsExternalMemory? 1, requiresDedicated? 0
[0;39m[0;39mDEBUG   | Supported: VK_FORMAT_D24_UNORM_S8_UINT VK_IMAGE_TYPE_2D VK_IMAGE_TILING_OPTIMAL VK_IMAGE_USAGE_INPUT_ATTACHMENT_BIT, supportsExternalMemory? 1, requiresDedicated? 0
[0;39m[0;39mDEBUG   | Supported: VK_FORMAT_D24_UNORM_S8_UINT VK_IMAGE_TYPE_2D VK_IMAGE_TILING_OPTIMAL VK_IMAGE_USAGE_SAMPLED_BIT, supportsExternalMemory? 1, requiresDedicated? 0
[0;39m[0;39mDEBUG   | Supported: VK_FORMAT_D24_UNORM_S8_UINT VK_IMAGE_TYPE_2D VK_IMAGE_TILING_OPTIMAL VK_IMAGE_USAGE_TRANSFER_SRC_BIT, supportsExternalMemory? 1, requiresDedicated? 0
[0;39m[0;39mDEBUG   | Supported: VK_FORMAT_D24_UNORM_S8_UINT VK_IMAGE_TYPE_2D VK_IMAGE_TILING_OPTIMAL VK_IMAGE_USAGE_TRANSFER_DST_BIT, supportsExternalMemory? 1, requiresDedicated? 0
[0;39m[0;39mDEBUG   | Supported: VK_FORMAT_D32_SFLOAT VK_IMAGE_TYPE_2D VK_IMAGE_TILING_OPTIMAL VK_IMAGE_USAGE_DEPTH_STENCIL_ATTACHMENT_BIT, supportsExternalMemory? 1, requiresDedicated? 0
[0;39m[0;39mDEBUG   | Supported: VK_FORMAT_D32_SFLOAT VK_IMAGE_TYPE_2D VK_IMAGE_TILING_OPTIMAL VK_IMAGE_USAGE_INPUT_ATTACHMENT_BIT, supportsExternalMemory? 1, requiresDedicated? 0
[0;39m[0;39mDEBUG   | Supported: VK_FORMAT_D32_SFLOAT VK_IMAGE_TYPE_2D VK_IMAGE_TILING_OPTIMAL VK_IMAGE_USAGE_SAMPLED_BIT, supportsExternalMemory? 1, requiresDedicated? 0
[0;39m[0;39mDEBUG   | Supported: VK_FORMAT_D32_SFLOAT VK_IMAGE_TYPE_2D VK_IMAGE_TILING_OPTIMAL VK_IMAGE_USAGE_TRANSFER_SRC_BIT, supportsExternalMemory? 1, requiresDedicated? 0
[0;39m[0;39mDEBUG   | Supported: VK_FORMAT_D32_SFLOAT VK_IMAGE_TYPE_2D VK_IMAGE_TILING_OPTIMAL VK_IMAGE_USAGE_TRANSFER_DST_BIT, supportsExternalMemory? 1, requiresDedicated? 0
[0;39m[0;39mDEBUG   | Supported: VK_FORMAT_D32_SFLOAT_S8_UINT VK_IMAGE_TYPE_2D VK_IMAGE_TILING_OPTIMAL VK_IMAGE_USAGE_DEPTH_STENCIL_ATTACHMENT_BIT, supportsExternalMemory? 1, requiresDedicated? 0
[0;39m[0;39mDEBUG   | Supported: VK_FORMAT_D32_SFLOAT_S8_UINT VK_IMAGE_TYPE_2D VK_IMAGE_TILING_OPTIMAL VK_IMAGE_USAGE_INPUT_ATTACHMENT_BIT, supportsExternalMemory? 1, requiresDedicated? 0
[0;39m[0;39mDEBUG   | Supported: VK_FORMAT_D32_SFLOAT_S8_UINT VK_IMAGE_TYPE_2D VK_IMAGE_TILING_OPTIMAL VK_IMAGE_USAGE_SAMPLED_BIT, supportsExternalMemory? 1, requiresDedicated? 0
[0;39m[0;39mDEBUG   | Supported: VK_FORMAT_D32_SFLOAT_S8_UINT VK_IMAGE_TYPE_2D VK_IMAGE_TILING_OPTIMAL VK_IMAGE_USAGE_TRANSFER_SRC_BIT, supportsExternalMemory? 1, requiresDedicated? 0
[0;39m[0;39mDEBUG   | Supported: VK_FORMAT_D32_SFLOAT_S8_UINT VK_IMAGE_TYPE_2D VK_IMAGE_TILING_OPTIMAL VK_IMAGE_USAGE_TRANSFER_DST_BIT, supportsExternalMemory? 1, requiresDedicated? 0
[0;39m[0;39mINFO         | Selecting Vulkan device: NVIDIA GeForce RTX 4060, Version: 1.4.312
[0;39m[0;39mDEBUG   | deviceInfo: 
hasGraphicsQueueFamily = 1
hasComputeQueueFamily = 1
supportsExternalMemoryImport = 1
supportsExternalMemoryExport = 1
supportsDriverProperties = 1
hasSamplerYcbcrConversionExtension = 1
supportsSamplerYcbcrConversion = 1
glInteropSupported = 0
[0;39m[0;39mDEBUG   | Vulkan logical device created and extension functions obtained.
[0;39m[0;39mDEBUG   | Vulkan device queue obtained.
[0;39m[0;39mVERBOSE | create: selected memory type index = 3, propertyFlags = 14, heapIndex = 1
[0;39m[0;39mVERBOSE | Vulkan global emulation state successfully initialized.
[0;39m[0;39mINFO         | Disabling sparse binding feature support
[0;39m[0;39mDEBUG   | WinEngine: Trying to load opengl32.dll

[0;39m[0;39mINFO         | SharedLibrary::open for [opengl32.dll]: not found in map, open for the first time
[0;39m[0;39mINFO         | SharedLibrary::open for [opengl32.dll] (win32): call LoadLibrary
[0;39m[0;39mINFO         | SharedLibrary::open succeeded for [opengl32.dll]. File name: [C:\Windows\SYSTEM32\opengl32.DLL]
[0;39m[0;39mDEBUG   | WinEngine: Library loaded at 000001E1904BB7D0

[0;39m[0;39mDEBUG   | WinEngine: Dispatch initialized

[0;39m[0;39mDEBUG   | call eglInitialize
[0;39m[0;39mINFO         | SharedLibrary::open for [libshadertranslator.dll]: not found in map, open for the first time
[0;39m[0;39mINFO         | SharedLibrary::open for [libshadertranslator.dll] (win32): call LoadLibrary
[0;39m[0;39mINFO         | SharedLibrary::open succeeded for [libshadertranslator.dll]. File name: [C:\Users\tjmah\AppData\Local\Android\Sdk\emulator\lib64\libshadertranslator.dll]
[0;39m[0;39mDEBUG   | glvk interop final: 1
[0;39m[0;39mINFO         | Initializing VkEmulation features:
[0;39m[0;39mINFO         |     glInteropSupported: true
[0;39m[0;39mINFO         |     useDeferredCommands: true
[0;39m[0;39mINFO         |     createResourceWithRequirements: true
[0;39m[0;39mINFO         |     useVulkanComposition: false
[0;39m[0;39mINFO         |     useVulkanNativeSwapchain: false
[0;39m[0;39mINFO         |     enable guestRenderDoc: false
[0;39m[0;39mINFO         |     ASTC LDR emulation mode: Gpu
[0;39m[0;39mINFO         |     enable ETC2 emulation: true
[0;39m[0;39mINFO         |     enable Ycbcr emulation: false
[0;39m[0;39mINFO         |     guestVulkanOnly: false
[0;39m[0;39mINFO         |     useDedicatedAllocations: false
[0;39m[0;39mDEBUG   | ColorBuffer 4294967295, 64x64, VK_FORMAT_R8G8B8A8_UNORM, Memory [size: 16384, type: 1, props: 1 / 1]
[0;39m[0;39mDEBUG   | Representative ColorBuffer memory type using host memory type index 1 and guest memory type index :1
[0;39m[0;39mDEBUG   | Performing composition using CompositorGl.
[0;39m[0;39mINFO         | Graphics Adapter Vendor Google (NVIDIA Corporation)
[0;39m[0;39mINFO         | Graphics Adapter Android Emulator OpenGL ES Translator (NVIDIA GeForce RTX 4060/PCIe/SSE2)
[0;39m[0;39mINFO         | Graphics API Version OpenGL ES 3.0 (4.5.0 NVIDIA 581.04)
[0;39m[0;39mINFO         | Graphics API Extensions GL_OES_EGL_sync GL_OES_EGL_image GL_OES_EGL_image_external GL_OES_depth24 GL_OES_depth32 GL_OES_element_index_uint GL_OES_texture_float GL_OES_texture_float_linear GL_OES_compressed_paletted_texture GL_OES_compressed_ETC1_RGB8_texture GL_OES_depth_texture GL_OES_texture_half_float GL_OES_texture_half_float_linear GL_OES_packed_depth_stencil GL_OES_vertex_half_float GL_OES_texture_npot GL_OES_rgb8_rgba8 GL_OVR_multiview2 GL_EXT_multiview_texture_multisample GL_EXT_color_buffer_float GL_EXT_color_buffer_half_float GL_EXT_texture_format_BGRA8888 GL_APPLE_texture_format_BGRA8888 GL_EXT_texture_buffer 
[0;39m[0;39mINFO         | Graphics Device Extensions N/A
[0;39m[0;39mDEBUG   | OpenGL renderer initialized successfully
[0;39m[0;39mINFO         | Setting vsync to 60 hz
[0;39m[0;39mDEBUG   | CMD_SET_VSYNC_HZ
[0;39m[0;39mDEBUG   | Exited a loader RenderThread @000001E199700BC0
[0;39m[0;39mINFO         | Sending adb public key [QAAAADEzpicvujsbSCaRpYKEhPIwqZmcW6Dd3H6p6bzfXKXGdMaspcUdn7bZTEFmdUioBas9ER2Ruerds0QcLlpkiHs4AULWh9BgsZEdGyDfCcZ8cYub+5yL2qnv+Qpe4GE5og4Tdin0i19wqbFPERlgm2hEGp+5XvXWWEI9OevwZSBP8KyyQnV/oWcABZ1/zirl614pDfKqolRb96etHBrvXFKV6MYQdIzd0TOKlVQGwsSWdc2WrVPwnH5CnmmXgxgnJ7v/QyCY9ZTdTdsW9BubyGUHLzl+dXLH7k07+czGbkvsnDlqWUi9B6ZGK+5tGpzZZ9bcjXt6MSyT0uH3yYxxfbfNxVyoB/DKrBcpGTyvMTg2aoQvMM6h67isN12xyCDPC4J5dHiq1iVAoXUHzgEPXTjAW6Zo4Xs3VrUv9M/Bst3FBdOmw/RW2NsySzcOcb6e2Aytzx6KgkDYOwsGehpGdynAtlYUASY7IAfJ3ZrucHadjuXYiV1IZeR8eskdmKLs1sRyDm7OdeHwHH9ZhTcwW9bal6HjJ4E5xq1ku9jHVd8QV0Dp+9XFgtOk31HRKs3OKdZBR9hfOKqY3RDYwjgmTfrVQih3xekA/9KvUZ05mgtZJcO/sUSv5oZF6DXnJ259hZWA1ArxCGslXMZl1wmnsY2mzLxBHBqoKft9HVeM+BLUXLXReQEAAQA= @unknown]
[0;39m[0;39mINFO         | Userspace boot properties:
[0;39m[0;39mINFO         |   androidboot.boot_devices=pci0000:00/0000:00:03.0 pci0000:00/0000:00:06.0
[0;39m[0;39mINFO         |   androidboot.dalvik.vm.heapsize=512m
[0;39m[0;39mINFO         |   androidboot.debug.hwui.renderer=skiagl
[0;39m[0;39mINFO         |   androidboot.debug.sf.nobootanimation=1
[0;39m[0;39mINFO         |   androidboot.hardware=ranchu
[0;39m[0;39mINFO         |   androidboot.hardware.gltransport=pipe
[0;39m[0;39mINFO         |   androidboot.hardware.vulkan=ranchu
[0;39m[0;39mINFO         |   androidboot.logcat=*:V
[0;39m[0;39mINFO         |   androidboot.opengles.version=196609
[0;39m[0;39mINFO         |   androidboot.qemu=1
[0;39m[0;39mINFO         |   androidboot.qemu.adb.pubkey=QAAAADEzpicvujsbSCaRpYKEhPIwqZmcW6Dd3H6p6bzfXKXGdMaspcUdn7bZTEFmdUioBas9ER2Ruerds0QcLlpkiHs4AULWh9BgsZEdGyDfCcZ8cYub+5yL2qnv+Qpe4GE5og4Tdin0i19wqbFPERlgm2hEGp+5XvXWWEI9OevwZSBP8KyyQnV/oWcABZ1/zirl614pDfKqolRb96etHBrvXFKV6MYQdIzd0TOKlVQGwsSWdc2WrVPwnH5CnmmXgxgnJ7v/QyCY9ZTdTdsW9BubyGUHLzl+dXLH7k07+czGbkvsnDlqWUi9B6ZGK+5tGpzZZ9bcjXt6MSyT0uH3yYxxfbfNxVyoB/DKrBcpGTyvMTg2aoQvMM6h67isN12xyCDPC4J5dHiq1iVAoXUHzgEPXTjAW6Zo4Xs3VrUv9M/Bst3FBdOmw/RW2NsySzcOcb6e2Aytzx6KgkDYOwsGehpGdynAtlYUASY7IAfJ3ZrucHadjuXYiV1IZeR8eskdmKLs1sRyDm7OdeHwHH9ZhTcwW9bal6HjJ4E5xq1ku9jHVd8QV0Dp+9XFgtOk31HRKs3OKdZBR9hfOKqY3RDYwjgmTfrVQih3xekA/9KvUZ05mgtZJcO/sUSv5oZF6DXnJ259hZWA1ArxCGslXMZl1wmnsY2mzLxBHBqoKft9HVeM+BLUXLXReQEAAQA= @unknown
[0;39m[0;39mINFO         |   androidboot.qemu.avd_name=Pixel_5_API_33
[0;39m[0;39mINFO         |   androidboot.qemu.camera_hq_edge_processing=0
[0;39m[0;39mINFO         |   androidboot.qemu.camera_protocol_ver=1
[0;39m[0;39mINFO         |   androidboot.qemu.cpuvulkan.version=4202496
[0;39m[0;39mINFO         |   androidboot.qemu.gltransport.drawFlushInterval=800
[0;39m[0;39mINFO         |   androidboot.qemu.gltransport.name=pipe
[0;39m[0;39mINFO         |   androidboot.qemu.hwcodec.avcdec=2
[0;39m[0;39mINFO         |   androidboot.qemu.hwcodec.hevcdec=2
[0;39m[0;39mINFO         |   androidboot.qemu.hwcodec.vpxdec=2
[0;39m[0;39mINFO         |   androidboot.qemu.settings.system.screen_off_timeout=2147483647
[0;39m[0;39mINFO         |   androidboot.qemu.virtiowifi=1
[0;39m[0;39mINFO         |   androidboot.qemu.vsync=60
[0;39m[0;39mINFO         |   androidboot.serialno=EMULATOR36X2X12X0
[0;39m[0;39mINFO         |   androidboot.vbmeta.digest=cc2acf6c582b63336b71fe51ed136e1a7a577e9e868ae7ba916ef6b3965324e5
[0;39m[0;39mINFO         |   androidboot.vbmeta.hash_alg=sha256
[0;39m[0;39mINFO         |   androidboot.vbmeta.size=6592
[0;39m[0;39mINFO         |   androidboot.veritymode=enforcing
[0;39m[0;39mINFO         | Android bootconfig:
[0;39m[0;39mINFO         |   androidboot.boot_devices="pci0000:00/0000:00:03.0 pci0000:00/0000:00:06.0"
[0;39m[0;39mINFO         |   androidboot.dalvik.vm.heapsize="512m"
[0;39m[0;39mINFO         |   androidboot.debug.hwui.renderer="skiagl"
[0;39m[0;39mINFO         |   androidboot.debug.sf.nobootanimation="1"
[0;39m[0;39mINFO         |   androidboot.hardware="ranchu"
[0;39m[0;39mINFO         |   androidboot.hardware.gltransport="pipe"
[0;39m[0;39mINFO         |   androidboot.hardware.vulkan="ranchu"
[0;39m[0;39mINFO         |   androidboot.logcat="*:V"
[0;39m[0;39mINFO         |   androidboot.opengles.version="196609"
[0;39m[0;39mINFO         |   androidboot.qemu="1"
[0;39m[0;39mINFO         |   androidboot.qemu.adb.pubkey="QAAAADEzpicvujsbSCaRpYKEhPIwqZmcW6Dd3H6p6bzfXKXGdMaspcUdn7bZTEFmdUioBas9ER2Ruerds0QcLlpkiHs4AULWh9BgsZEdGyDfCcZ8cYub+5yL2qnv+Qpe4GE5og4Tdin0i19wqbFPERlgm2hEGp+5XvXWWEI9OevwZSBP8KyyQnV/oWcABZ1/zirl614pDfKqolRb96etHBrvXFKV6MYQdIzd0TOKlVQGwsSWdc2WrVPwnH5CnmmXgxgnJ7v/QyCY9ZTdTdsW9BubyGUHLzl+dXLH7k07+czGbkvsnDlqWUi9B6ZGK+5tGpzZZ9bcjXt6MSyT0uH3yYxxfbfNxVyoB/DKrBcpGTyvMTg2aoQvMM6h67isN12xyCDPC4J5dHiq1iVAoXUHzgEPXTjAW6Zo4Xs3VrUv9M/Bst3FBdOmw/RW2NsySzcOcb6e2Aytzx6KgkDYOwsGehpGdynAtlYUASY7IAfJ3ZrucHadjuXYiV1IZeR8eskdmKLs1sRyDm7OdeHwHH9ZhTcwW9bal6HjJ4E5xq1ku9jHVd8QV0Dp+9XFgtOk31HRKs3OKdZBR9hfOKqY3RDYwjgmTfrVQih3xekA/9KvUZ05mgtZJcO/sUSv5oZF6DXnJ259hZWA1ArxCGslXMZl1wmnsY2mzLxBHBqoKft9HVeM+BLUXLXReQEAAQA= @unknown"
[0;39m[0;39mINFO         |   androidboot.qemu.avd_name="Pixel_5_API_33"
[0;39m[0;39mINFO         |   androidboot.qemu.camera_hq_edge_processing="0"
[0;39m[0;39mINFO         |   androidboot.qemu.camera_protocol_ver="1"
[0;39m[0;39mINFO         |   androidboot.qemu.cpuvulkan.version="4202496"
[0;39m[0;39mINFO         |   androidboot.qemu.gltransport.drawFlushInterval="800"
[0;39m[0;39mINFO         |   androidboot.qemu.gltransport.name="pipe"
[0;39m[0;39mINFO         |   androidboot.qemu.hwcodec.avcdec="2"
[0;39m[0;39mINFO         |   androidboot.qemu.hwcodec.hevcdec="2"
[0;39m[0;39mINFO         |   androidboot.qemu.hwcodec.vpxdec="2"
[0;39m[0;39mINFO         |   androidboot.qemu.settings.system.screen_off_timeout="2147483647"
[0;39m[0;39mINFO         |   androidboot.qemu.virtiowifi="1"
[0;39m[0;39mINFO         |   androidboot.qemu.vsync="60"
[0;39m[0;39mINFO         |   androidboot.serialno="EMULATOR36X2X12X0"
[0;39m[0;39mINFO         |   androidboot.vbmeta.digest="cc2acf6c582b63336b71fe51ed136e1a7a577e9e868ae7ba916ef6b3965324e5"
[0;39m[0;39mINFO         |   androidboot.vbmeta.hash_alg="sha256"
[0;39m[0;39mINFO         |   androidboot.vbmeta.size="6592"
[0;39m[0;39mINFO         |   androidboot.veritymode="enforcing"
[0;39m[0;39mDEBUG   | Found 1 DNS servers:
[0;39m[0;39mDEBUG   | 	75.75.75.75
[0;39m[0;39mINFO         | Content of hardware configuration file:
[0;39m[0;39mINFO         | 	hw.cpu.arch = x86_64
[0;39m[0;39mINFO         | 	hw.cpu.ncore = 4
[0;39m[0;39mINFO         | 	hw.ramSize = 2048
[0;39m[0;39mINFO         | 	hw.screen = multi-touch
[0;39m[0;39mINFO         | 	hw.mainKeys = false
[0;39m[0;39mINFO         | 	hw.touchpad0 = false
[0;39m[0;39mINFO         | 	hw.touchpad0.width = 600
[0;39m[0;39mINFO         | 	hw.touchpad0.height = 400
[0;39m[0;39mINFO         | 	hw.trackBall = false
[0;39m[0;39mINFO         | 	hw.keyboard = true
[0;39m[0;39mINFO         | 	hw.keyboard.lid = false
[0;39m[0;39mINFO         | 	hw.keyboard.charmap = qwerty2
[0;39m[0;39mINFO         | 	hw.dPad = false
[0;39m[0;39mINFO         | 	hw.rotaryInput = false
[0;39m[0;39mINFO         | 	hw.gsmModem = true
[0;39m[0;39mINFO         | 	hw.gps = true
[0;39m[0;39mINFO         | 	hw.battery = true
[0;39m[0;39mINFO         | 	hw.accelerometer = true
[0;39m[0;39mINFO         | 	hw.accelerometer_uncalibrated = true
[0;39m[0;39mINFO         | 	hw.gyroscope = true
[0;39m[0;39mINFO         | 	hw.audioInput = true
[0;39m[0;39mINFO         | 	hw.audioOutput = true
[0;39m[0;39mINFO         | 	hw.sdCard = true
[0;39m[0;39mINFO         | 	hw.sdCard.path = C:\Users\tjmah\.android\avd\..\avd\Pixel_5_API_33.avd\sdcard.img
[0;39m[0;39mINFO         | 	disk.cachePartition = true
[0;39m[0;39mINFO         | 	disk.cachePartition.path = C:\Users\tjmah\.android\avd\..\avd\Pixel_5_API_33.avd\cache.img
[0;39m[0;39mINFO         | 	disk.cachePartition.size = 66m
[0;39m[0;39mINFO         | 	test.quitAfterBootTimeOut = -1
[0;39m[0;39mINFO         | 	test.delayAdbTillBootComplete = 0
[0;39m[0;39mINFO         | 	test.monitorAdb = 0
[0;39m[0;39mINFO         | 	hw.lcd.width = 1080
[0;39m[0;39mINFO         | 	hw.lcd.height = 2340
[0;39m[0;39mINFO         | 	hw.lcd.depth = 16
[0;39m[0;39mINFO         | 	hw.lcd.circular = false
[0;39m[0;39mINFO         | 	hw.lcd.density = 440
[0;39m[0;39mINFO         | 	hw.lcd.backlight = true
[0;39m[0;39mINFO         | 	hw.lcd.vsync = 60
[0;39m[0;39mINFO         | 	hw.gltransport = pipe
[0;39m[0;39mINFO         | 	hw.gltransport.asg.writeBufferSize = 1048576
[0;39m[0;39mINFO         | 	hw.gltransport.asg.writeStepSize = 4096
[0;39m[0;39mINFO         | 	hw.gltransport.asg.dataRingSize = 32768
[0;39m[0;39mINFO         | 	hw.gltransport.drawFlushInterval = 800
[0;39m[0;39mINFO         | 	hw.displayRegion.0.1.xOffset = -1
[0;39m[0;39mINFO         | 	hw.displayRegion.0.1.yOffset = -1
[0;39m[0;39mINFO         | 	hw.displayRegion.0.1.width = 0
[0;39m[0;39mINFO         | 	hw.displayRegion.0.1.height = 0
[0;39m[0;39mINFO         | 	hw.displayRegion.0.2.xOffset = -1
[0;39m[0;39mINFO         | 	hw.displayRegion.0.2.yOffset = -1
[0;39m[0;39mINFO         | 	hw.displayRegion.0.2.width = 0
[0;39m[0;39mINFO         | 	hw.displayRegion.0.2.height = 0
[0;39m[0;39mINFO         | 	hw.displayRegion.0.3.xOffset = -1
[0;39m[0;39mINFO         | 	hw.displayRegion.0.3.yOffset = -1
[0;39m[0;39mINFO         | 	hw.displayRegion.0.3.width = 0
[0;39m[0;39mINFO         | 	hw.displayRegion.0.3.height = 0
[0;39m[0;39mINFO         | 	hw.display1.width = 0
[0;39m[0;39mINFO         | 	hw.display1.height = 0
[0;39m[0;39mINFO         | 	hw.display1.density = 0
[0;39m[0;39mINFO         | 	hw.display1.xOffset = -1
[0;39m[0;39mINFO         | 	hw.display1.yOffset = -1
[0;39m[0;39mINFO         | 	hw.display1.flag = 0
[0;39m[0;39mINFO         | 	hw.display2.width = 0
[0;39m[0;39mINFO         | 	hw.display2.height = 0
[0;39m[0;39mINFO         | 	hw.display2.density = 0
[0;39m[0;39mINFO         | 	hw.display2.xOffset = -1
[0;39m[0;39mINFO         | 	hw.display2.yOffset = -1
[0;39m[0;39mINFO         | 	hw.display2.flag = 0
[0;39m[0;39mINFO         | 	hw.display3.width = 0
[0;39m[0;39mINFO         | 	hw.display3.height = 0
[0;39m[0;39mINFO         | 	hw.display3.density = 0
[0;39m[0;39mINFO         | 	hw.display3.xOffset = -1
[0;39m[0;39mINFO         | 	hw.display3.yOffset = -1
[0;39m[0;39mINFO         | 	hw.display3.flag = 0
[0;39m[0;39mINFO         | 	hw.multi_display_window = false
[0;39m[0;39mINFO         | 	hw.hotplug_multi_display = false
[0;39m[0;39mINFO         | 	hw.gpu.enabled = true
[0;39m[0;39mINFO         | 	hw.gpu.mode = host
[0;39m[0;39mINFO         | 	hw.initialOrientation = portrait
[0;39m[0;39mINFO         | 	hw.camera.back = virtualscene
[0;39m[0;39mINFO         | 	hw.camera.front = emulated
[0;39m[0;39mINFO         | 	vm.heapSize = 512
[0;39m[0;39mINFO         | 	hw.sensors.light = true
[0;39m[0;39mINFO         | 	hw.sensors.pressure = true
[0;39m[0;39mINFO         | 	hw.sensors.humidity = true
[0;39m[0;39mINFO         | 	hw.sensors.proximity = true
[0;39m[0;39mINFO         | 	hw.sensors.magnetic_field = true
[0;39m[0;39mINFO         | 	hw.sensors.magnetic_field_uncalibrated = true
[0;39m[0;39mINFO         | 	hw.sensors.gyroscope_uncalibrated = true
[0;39m[0;39mINFO         | 	hw.sensors.orientation = true
[0;39m[0;39mINFO         | 	hw.sensors.temperature = true
[0;39m[0;39mINFO         | 	hw.sensors.rgbclight = false
[0;39m[0;39mINFO         | 	hw.sensor.hinge = false
[0;39m[0;39mINFO         | 	hw.sensor.hinge.count = 0
[0;39m[0;39mINFO         | 	hw.sensor.hinge.type = 0
[0;39m[0;39mINFO         | 	hw.sensor.hinge.sub_type = 0
[0;39m[0;39mINFO         | 	hw.sensor.hinge.resizable.config = 1
[0;39m[0;39mINFO         | 	hw.sensor.hinge.fold_to_displayRegion.0.1_at_posture = 1
[0;39m[0;39mINFO         | 	hw.sensor.roll = false
[0;39m[0;39mINFO         | 	hw.sensor.roll.count = 0
[0;39m[0;39mINFO         | 	hw.sensor.roll.resize_to_displayRegion.0.1_at_posture = 6
[0;39m[0;39mINFO         | 	hw.sensor.roll.resize_to_displayRegion.0.2_at_posture = 6
[0;39m[0;39mINFO         | 	hw.sensor.roll.resize_to_displayRegion.0.3_at_posture = 6
[0;39m[0;39mINFO         | 	hw.sensors.heart_rate = false
[0;39m[0;39mINFO         | 	hw.sensors.wrist_tilt = false
[0;39m[0;39mINFO         | 	hw.sensors.heading = false
[0;39m[0;39mINFO         | 	hw.useext4 = true
[0;39m[0;39mINFO         | 	hw.arc = false
[0;39m[0;39mINFO         | 	hw.arc.autologin = false
[0;39m[0;39mINFO         | 	hw.device.name = pixel_5
[0;39m[0;39mINFO         | 	kernel.path = C:\Users\tjmah\AppData\Local\Android\Sdk\system-images\android-33\google_apis\x86_64\\kernel-ranchu
[0;39m[0;39mINFO         | 	kernel.newDeviceNaming = yes
[0;39m[0;39mINFO         | 	kernel.supportsYaffs2 = no
[0;39m[0;39mINFO         | 	disk.ramdisk.path = C:\Users\tjmah\AppData\Local\Android\Sdk\system-images\android-33\google_apis\x86_64\\ramdisk.img
[0;39m[0;39mINFO         | 	disk.systemPartition.initPath = C:\Users\tjmah\AppData\Local\Android\Sdk\system-images\android-33\google_apis\x86_64\\system.img
[0;39m[0;39mINFO         | 	disk.systemPartition.size = 8203m
[0;39m[0;39mINFO         | 	disk.vendorPartition.initPath = C:\Users\tjmah\AppData\Local\Android\Sdk\system-images\android-33\google_apis\x86_64\\vendor.img
[0;39m[0;39mINFO         | 	disk.vendorPartition.size = 800m
[0;39m[0;39mINFO         | 	disk.dataPartition.path = C:\Users\tjmah\.android\avd\..\avd\Pixel_5_API_33.avd\userdata-qemu.img
[0;39m[0;39mINFO         | 	disk.dataPartition.size = 6g
[0;39m[0;39mINFO         | 	disk.encryptionKeyPartition.path = C:\Users\tjmah\.android\avd\..\avd\Pixel_5_API_33.avd\encryptionkey.img
[0;39m[0;39mINFO         | 	PlayStore.enabled = false
[0;39m[0;39mINFO         | 	avd.name = Pixel_5_API_33
[0;39m[0;39mINFO         | 	avd.id = Pixel_5_API_33
[0;39m[0;39mINFO         | 	fastboot.forceColdBoot = false
[0;39m[0;39mINFO         | 	userdata.useQcow2 = true
[0;39m[0;39mINFO         | 	firstboot.bootFromDownloadableSnapshot = true
[0;39m[0;39mINFO         | 	firstboot.bootFromLocalSnapshot = true
[0;39m[0;39mINFO         | 	firstboot.saveToLocalSnapshot = true
[0;39m[0;39mINFO         | 	android.sdk.root = C:\Users\tjmah\AppData\Local\Android\Sdk
[0;39m[0;39mINFO         | 	android.avd.home = C:\Users\tjmah\.android\avd
[0;39m[0;39mINFO         | .
[0;39m[0;39mINFO         | QEMU options list:
[0;39m[0;39mINFO         | 	 argv[00] = "C:\Users\tjmah\AppData\Local\Android\Sdk\emulator\qemu\windows-x86_64\qemu-system-x86_64.exe"
[0;39m[0;39mINFO         | 	 argv[01] = "-read-only"
[0;39m[0;39mINFO         | 	 argv[02] = "-dns-server"
[0;39m[0;39mINFO         | 	 argv[03] = "75.75.75.75"
[0;39m[0;39mINFO         | 	 argv[04] = "-no-audio"
[0;39m[0;39mINFO         | 	 argv[05] = "-mem-path"
[0;39m[0;39mINFO         | 	 argv[06] = "C:\Users\tjmah\.android\avd\Pixel_5_API_33.avd\snapshots\default_boot\ram.img"
[0;39m[0;39mINFO         | 	 argv[07] = "-serial"
[0;39m[0;39mINFO         | 	 argv[08] = "null"
[0;39m[0;39mINFO         | 	 argv[09] = "-android-ports"
[0;39m[0;39mINFO         | 	 argv[10] = "11200,11201"
[0;39m[0;39mINFO         | 	 argv[11] = "-device"
[0;39m[0;39mINFO         | 	 argv[12] = "goldfish_pstore,addr=0xff018000,size=0x10000,file=C:\Users\tjmah\.android\avd\..\avd\Pixel_5_API_33.avd\data\misc\pstore\pstore.bin"
[0;39m[0;39mINFO         | 	 argv[13] = "-cpu"
[0;39m[0;39mINFO         | 	 argv[14] = "android64"
[0;39m[0;39mINFO         | 	 argv[15] = "-enable-whpx"
[0;39m[0;39mINFO         | 	 argv[16] = "-smp"
[0;39m[0;39mINFO         | 	 argv[17] = "cores=4"
[0;39m[0;39mINFO         | 	 argv[18] = "-m"
[0;39m[0;39mINFO         | 	 argv[19] = "2048"
[0;39m[0;39mINFO         | 	 argv[20] = "-lcd-density"
[0;39m[0;39mINFO         | 	 argv[21] = "440"
[0;39m[0;39mINFO         | 	 argv[22] = "-nodefaults"
[0;39m[0;39mINFO         | 	 argv[23] = "-kernel"
[0;39m[0;39mINFO         | 	 argv[24] = "C:\Users\tjmah\AppData\Local\Android\Sdk\system-images\android-33\google_apis\x86_64\\kernel-ranchu"
[0;39m[0;39mINFO         | 	 argv[25] = "-initrd"
[0;39m[0;39mINFO         | 	 argv[26] = "C:\Users\tjmah\.android\avd\..\avd\Pixel_5_API_33.avd\initrd"
[0;39m[0;39mINFO         | 	 argv[27] = "-drive"
[0;39m[0;39mINFO         | 	 argv[28] = "if=none,index=0,id=system,if=none,file=C:\Users\tjmah\AppData\Local\Android\Sdk\system-images\android-33\google_apis\x86_64\\system.img,read-only"
[0;39m[0;39mINFO         | 	 argv[29] = "-device"
[0;39m[0;39mINFO         | 	 argv[30] = "virtio-blk-pci,drive=system,modern-pio-notify"
[0;39m[0;39mINFO         | 	 argv[31] = "-drive"
[0;39m[0;39mINFO         | 	 argv[32] = "if=none,index=1,id=cache,if=none,file=C:\Users\tjmah\.android\avd\..\avd\Pixel_5_API_33.avd\cache.img.qcow2,overlap-check=none,cache=unsafe,l2-cache-size=1048576"
[0;39m[0;39mINFO         | 	 argv[33] = "-device"
[0;39m[0;39mINFO         | 	 argv[34] = "virtio-blk-pci,drive=cache,modern-pio-notify"
[0;39m[0;39mINFO         | 	 argv[35] = "-drive"
[0;39m[0;39mINFO         | 	 argv[36] = "if=none,index=2,id=userdata,if=none,file=C:\Users\tjmah\.android\avd\..\avd\Pixel_5_API_33.avd\userdata-qemu.img.qcow2,overlap-check=none,cache=unsafe,l2-cache-size=1048576"
[0;39m[0;39mINFO         | 	 argv[37] = "-device"
[0;39m[0;39mINFO         | 	 argv[38] = "virtio-blk-pci,drive=userdata,modern-pio-notify"
[0;39m[0;39mINFO         | 	 argv[39] = "-drive"
[0;39m[0;39mINFO         | 	 argv[40] = "if=none,index=3,id=encrypt,if=none,file=C:\Users\tjmah\.android\avd\..\avd\Pixel_5_API_33.avd\encryptionkey.img.qcow2,overlap-check=none,cache=unsafe,l2-cache-size=1048576"
[0;39m[0;39mINFO         | 	 argv[41] = "-device"
[0;39m[0;39mINFO         | 	 argv[42] = "virtio-blk-pci,drive=encrypt,modern-pio-notify"
[0;39m[0;39mINFO         | 	 argv[43] = "-drive"
[0;39m[0;39mINFO         | 	 argv[44] = "if=none,index=4,id=vendor,if=none,file=C:\Users\tjmah\AppData\Local\Android\Sdk\system-images\android-33\google_apis\x86_64\\vendor.img,read-only"
[0;39m[0;39mINFO         | 	 argv[45] = "-device"
[0;39m[0;39mINFO         | 	 argv[46] = "virtio-blk-pci,drive=vendor,modern-pio-notify"
[0;39m[0;39mINFO         | 	 argv[47] = "-drive"
[0;39m[0;39mINFO         | 	 argv[48] = "if=none,index=5,id=sdcard,if=none,file=C:\Users\tjmah\.android\avd\..\avd\Pixel_5_API_33.avd\sdcard.img.qcow2,overlap-check=none,cache=unsafe,l2-cache-size=1048576"
[0;39m[0;39mINFO         | 	 argv[49] = "-device"
[0;39m[0;39mINFO         | 	 argv[50] = "virtio-blk-pci,drive=sdcard,modern-pio-notify"
[0;39m[0;39mINFO         | 	 argv[51] = "-netdev"
[0;39m[0;39mINFO         | 	 argv[52] = "user,id=mynet"
[0;39m[0;39mINFO         | 	 argv[53] = "-device"
[0;39m[0;39mINFO         | 	 argv[54] = "virtio-net-pci,netdev=mynet"
[0;39m[0;39mINFO         | 	 argv[55] = "-chardev"
[0;39m[0;39mINFO         | 	 argv[56] = "null,id=forhvc0"
[0;39m[0;39mINFO         | 	 argv[57] = "-chardev"
[0;39m[0;39mINFO         | 	 argv[58] = "null,id=forhvc1"
[0;39m[0;39mINFO         | 	 argv[59] = "-device"
[0;39m[0;39mINFO         | 	 argv[60] = "virtio-serial-pci,ioeventfd=off"
[0;39m[0;39mINFO         | 	 argv[61] = "-device"
[0;39m[0;39mINFO         | 	 argv[62] = "virtconsole,chardev=forhvc0"
[0;39m[0;39mINFO         | 	 argv[63] = "-device"
[0;39m[0;39mINFO         | 	 argv[64] = "virtconsole,chardev=forhvc1"
[0;39m[0;39mINFO         | 	 argv[65] = "-chardev"
[0;39m[0;39mINFO         | 	 argv[66] = "netsim,id=bluetooth"
[0;39m[0;39mINFO         | 	 argv[67] = "-device"
[0;39m[0;39mINFO         | 	 argv[68] = "virtserialport,chardev=bluetooth,name=bluetooth"
[0;39m[0;39mINFO         | 	 argv[69] = "-device"
[0;39m[0;39mINFO         | 	 argv[70] = "virtio-serial,ioeventfd=off"
[0;39m[0;39mINFO         | 	 argv[71] = "-chardev"
[0;39m[0;39mINFO         | 	 argv[72] = "socket,port=64987,host=::1,nowait,nodelay,reconnect=10,ipv6,id=modem"
[0;39m[0;39mINFO         | 	 argv[73] = "-device"
[0;39m[0;39mINFO         | 	 argv[74] = "virtserialport,chardev=modem,name=modem"
[0;39m[0;39mINFO         | 	 argv[75] = "-device"
[0;39m[0;39mINFO         | 	 argv[76] = "virtio-rng-pci"
[0;39m[0;39mINFO         | 	 argv[77] = "-show-cursor"
[0;39m[0;39mINFO         | 	 argv[78] = "-device"
[0;39m[0;39mINFO         | 	 argv[79] = "virtio_input_multi_touch_pci_1"
[0;39m[0;39mINFO         | 	 argv[80] = "-device"
[0;39m[0;39mINFO         | 	 argv[81] = "virtio_input_multi_touch_pci_2"
[0;39m[0;39mINFO         | 	 argv[82] = "-device"
[0;39m[0;39mINFO         | 	 argv[83] = "virtio_input_multi_touch_pci_3"
[0;39m[0;39mINFO         | 	 argv[84] = "-device"
[0;39m[0;39mINFO         | 	 argv[85] = "virtio_input_multi_touch_pci_4"
[0;39m[0;39mINFO         | 	 argv[86] = "-device"
[0;39m[0;39mINFO         | 	 argv[87] = "virtio_input_multi_touch_pci_5"
[0;39m[0;39mINFO         | 	 argv[88] = "-device"
[0;39m[0;39mINFO         | 	 argv[89] = "virtio_input_multi_touch_pci_6"
[0;39m[0;39mINFO         | 	 argv[90] = "-device"
[0;39m[0;39mINFO         | 	 argv[91] = "virtio_input_multi_touch_pci_7"
[0;39m[0;39mINFO         | 	 argv[92] = "-device"
[0;39m[0;39mINFO         | 	 argv[93] = "virtio_input_multi_touch_pci_8"
[0;39m[0;39mINFO         | 	 argv[94] = "-device"
[0;39m[0;39mINFO         | 	 argv[95] = "virtio_input_multi_touch_pci_9"
[0;39m[0;39mINFO         | 	 argv[96] = "-device"
[0;39m[0;39mINFO         | 	 argv[97] = "virtio_input_multi_touch_pci_10"
[0;39m[0;39mINFO         | 	 argv[98] = "-device"
[0;39m[0;39mINFO         | 	 argv[99] = "virtio_input_multi_touch_pci_11"
[0;39m[0;39mINFO         | 	 argv[100] = "-device"
[0;39m[0;39mINFO         | 	 argv[101] = "virtio-keyboard-pci"
[0;39m[0;39mINFO         | 	 argv[102] = "-netdev"
[0;39m[0;39mINFO         | 	 argv[103] = "user,id=virtio-wifi,dhcpstart=10.0.2.16"
[0;39m[0;39mINFO         | 	 argv[104] = "-device"
[0;39m[0;39mINFO         | 	 argv[105] = "virtio-wifi-pci,netdev=virtio-wifi"
[0;39m[0;39mINFO         | 	 argv[106] = "-device"
[0;39m[0;39mINFO         | 	 argv[107] = "virtio-vsock-pci,guest-cid=77"
[0;39m[0;39mINFO         | 	 argv[108] = "-L"
[0;39m[0;39mINFO         | 	 argv[109] = "C:\Users\tjmah\AppData\Local\Android\Sdk\emulator/lib/pc-bios"
[0;39m[0;39mINFO         | 	 argv[110] = "-soundhw"
[0;39m[0;39mINFO         | 	 argv[111] = "virtio-snd-pci"
[0;39m[0;39mINFO         | 	 argv[112] = "-vga"
[0;39m[0;39mINFO         | 	 argv[113] = "none"
[0;39m[0;39mINFO         | 	 argv[114] = "-append"
[0;39m[0;39mINFO         | 	 argv[115] = "8250.nr_uarts=1 clocksource=pit no_timer_check console=0 loop.max_part=7 ramoops.mem_address=0xff018000 ramoops.mem_size=0x10000 memmap=0x10000$0xff018000 printk.devkmsg=on bootconfig"
[0;39m[0;39mINFO         | 	 argv[116] = "-android-hw"
[0;39m[0;39mINFO         | 	 argv[117] = "C:\Users\tjmah\AppData\Local\Temp\\AndroidEmulator\TMPEF8E.tmp"
[0;39m[0;39mINFO         | Concatenated QEMU options: C:\Users\tjmah\AppData\Local\Android\Sdk\emulator\qemu\windows-x86_64\qemu-system-x86_64.exe -read-only -dns-server 75.75.75.75 -no-audio -mem-path C:\Users\tjmah\.android\avd\Pixel_5_API_33.avd\snapshots\default_boot\ram.img -serial null -android-ports 11200,11201 -device goldfish_pstore,addr=0xff018000,size=0x10000,file=C:\Users\tjmah\.android\avd\..\avd\Pixel_5_API_33.avd\data\misc\pstore\pstore.bin -cpu android64 -enable-whpx -smp cores=4 -m 2048 -lcd-density 440 -nodefaults -kernel C:\Users\tjmah\AppData\Local\Android\Sdk\system-images\android-33\google_apis\x86_64\\kernel-ranchu -initrd C:\Users\tjmah\.android\avd\..\avd\Pixel_5_API_33.avd\initrd -drive if=none,index=0,id=system,if=none,file=C:\Users\tjmah\AppData\Local\Android\Sdk\system-images\android-33\google_apis\x86_64\\system.img,read-only -device virtio-blk-pci,drive=system,modern-pio-notify -drive if=none,index=1,id=cache,if=none,file=C:\Users\tjmah\.android\avd\..\avd\Pixel_5_API_33.avd\cache.img.qcow2,overlap-check=none,cache=unsafe,l2-cache-size=1048576 -device virtio-blk-pci,drive=cache,modern-pio-notify -drive if=none,index=2,id=userdata,if=none,file=C:\Users\tjmah\.android\avd\..\avd\Pixel_5_API_33.avd\userdata-qemu.img.qcow2,overlap-check=none,cache=unsafe,l2-cache-size=1048576 -device virtio-blk-pci,drive=userdata,modern-pio-notify -drive if=none,index=3,id=encrypt,if=none,file=C:\Users\tjmah\.android\avd\..\avd\Pixel_5_API_33.avd\encryptionkey.img.qcow2,overlap-check=none,cache=unsafe,l2-cache-size=1048576 -device virtio-blk-pci,drive=encrypt,modern-pio-notify -drive if=none,index=4,id=vendor,if=none,file=C:\Users\tjmah\AppData\Local\Android\Sdk\system-images\android-33\google_apis\x86_64\\vendor.img,read-only -device virtio-blk-pci,drive=vendor,modern-pio-notify -drive if=none,index=5,id=sdcard,if=none,file=C:\Users\tjmah\.android\avd\..\avd\Pixel_5_API_33.avd\sdcard.img.qcow2,overlap-check=none,cache=unsafe,l2-cache-size=1048576 -device virtio-blk-pci,drive=sdcard,modern-pio-notify -netdev user,id=mynet -device virtio-net-pci,netdev=mynet -chardev null,id=forhvc0 -chardev null,id=forhvc1 -device virtio-serial-pci,ioeventfd=off -device virtconsole,chardev=forhvc0 -device virtconsole,chardev=forhvc1 -chardev netsim,id=bluetooth -device virtserialport,chardev=bluetooth,name=bluetooth -device virtio-serial,ioeventfd=off -chardev socket,port=64987,host=::1,nowait,nodelay,reconnect=10,ipv6,id=modem -device virtserialport,chardev=modem,name=modem -device virtio-rng-pci -show-cursor -device virtio_input_multi_touch_pci_1 -device virtio_input_multi_touch_pci_2 -device virtio_input_multi_touch_pci_3 -device virtio_input_multi_touch_pci_4 -device virtio_input_multi_touch_pci_5 -device virtio_input_multi_touch_pci_6 -device virtio_input_multi_touch_pci_7 -device virtio_input_multi_touch_pci_8 -device virtio_input_multi_touch_pci_9 -device virtio_input_multi_touch_pci_10 -device virtio_input_multi_touch_pci_11 -device virtio-keyboard-pci -netdev user,id=virtio-wifi,dhcpstart=10.0.2.16 -device virtio-wifi-pci,netdev=virtio-wifi -device virtio-vsock-pci,guest-cid=77 -L C:\Users\tjmah\AppData\Local\Android\Sdk\emulator/lib/pc-bios -soundhw virtio-snd-pci -vga none -append "8250.nr_uarts=1 clocksource=pit no_timer_check console=0 loop.max_part=7 ramoops.mem_address=0xff018000 ramoops.mem_size=0x10000 memmap=0x10000$0xff018000 printk.devkmsg=on bootconfig" -android-hw C:\Users\tjmah\AppData\Local\Temp\\AndroidEmulator\TMPEF8E.tmp
[0;39m[0;39mDEBUG   | Android qemu version 36.2.12.0 (build_id 14214601) (CL:N/A)
[0;39m[0;39mDEBUG   | Starting QEMU main loop
[0;39m[0;39mDEBUG   | android_fopen: Failed to open /qemu.conf, err: 2
[0;39m[0;39mDEBUG   | registered 'boot-properties' qemud service
[0;39m[0;39mDEBUG   | Adding boot property: 'ro.opengles.version' = '196609'
[0;39m[0;39mDEBUG   | Adding boot property: 'qemu.sf.fake_camera' = 'front'
[0;39m[0;39mDEBUG   | Adding boot property: 'dalvik.vm.heapsize' = '512m'
[0;39m[0;39mDEBUG   | Adding boot property: 'qemu.hw.mainkeys' = '0'
[0;39m[0;39mDEBUG   | Adding boot property: 'qemu.sf.lcd_density' = '440'
[0;39mWHPX on Windows 10.0.26100 detected.
Windows Hypervisor Platform accelerator is operational
[0;39mDEBUG   | goldfish_events.have-dpad: false
[0;39m[0;39mDEBUG   | goldfish_events.have-trackball: false
[0;39m[0;39mDEBUG   | goldfish_events.have-camera: true
[0;39m[0;39mDEBUG   | goldfish_events.have-keyboard: false
[0;39m[0;39mDEBUG   | goldfish_events.have-lidswitch: false
[0;39m[0;39mDEBUG   | goldfish_events.have-tabletmode: false
[0;39m[0;39mDEBUG   | goldfish_events.have-touch: false
[0;39m[0;39mDEBUG   | goldfish_events.have-multitouch: false
[0;39m[0;39mDEBUG   | Adding boot property: 'net.wifi_mac_prefix' = '11200'
[0;39m[0;39mINFO         | Monitoring duration of emulator setup.
[0;39m[33mWARNING      | Requested adb port (11201) is outside the recommended range [5555,5586]. ADB may not function properly for the emulator. See -help-port for details.
[0;39m[0;39mDEBUG   | Adding boot property: 'qemu.timezone' = 'America/New_York'
[0;39m[0;39mDEBUG   | android_hw_fingerprint_init: fingerprint qemud listen service initialized
[0;39m[0;39mDEBUG   | Successfully initialized Wi-Fi
[0;39m[0;39mDEBUG   | emulator_window_fb_rotate
[0;39m[0;39mDEBUG   | CMD_SET_DISPLAY_CONFIGS
[0;39m[0;39mINFO         | Setting display: 0 configuration to: 1080x2340, dpi: 440x440 
[0;39m[0;39mDEBUG   | CMD_SET_DISPLAY_ACTIVE_CONFIG
[0;39m[0;39mDEBUG   | setDisplayPose 0 x 0 y 0 w 1080 h 2340 dpi 0
[0;39m[0;39mINFO         | setDisplayActiveConfig 0
[0;39m[0;39mDEBUG   | Adjusting window size by 0.36x for hw_lcd_density
[0;39m[0;39mDEBUG   | Path:C:\Users\tjmah\AppData\Local\Android\Sdk\platform-tools\adb.exe protocol version: 41
[0;39m[0;39mDEBUG   | Path:C:\Users\tjmah\AppData\Local\Android\Sdk\platform-tools\adb.exe protocol version: 41
[0;39m[0;39mDEBUG   | Found: 2 adb executables
[0;39m[0;39mDEBUG   | Adb: C:\Users\tjmah\AppData\Local\Android\Sdk\platform-tools\adb.exe
[0;39m[0;39mDEBUG   | Adb: C:\Users\tjmah\AppData\Local\Android\Sdk\platform-tools\adb.exe
[0;39m[0;39mDEBUG   | Path:C:\Users\tjmah\AppData\Local\Android\Sdk\platform-tools\adb.exe protocol version: 41
[0;39m[0;39mDEBUG   | Path:C:\Users\tjmah\AppData\Local\Android\Sdk\platform-tools\adb.exe protocol version: 41
[0;39m[0;39mINFO         | Checking system compatibility:
[0;39m[0;39mINFO         |   Checking: hasCompatibleHypervisor
[0;39m[0;39mINFO         |      Ok: Hypervisor compatibility to run avd: `Pixel_5_API_33` are met
[0;39m[0;39mINFO         |   Checking: hasSufficientSystem
[0;39m[0;39mINFO         |      Ok: System requirements to run avd: `Pixel_5_API_33` are met
[0;39m[0;39mINFO         |   Checking: hasSufficientHwGpu
[0;39m[0;39mINFO         |      Ok: Hardware GPU requirements to run avd: `Pixel_5_API_33` are passed
[0;39m[0;39mINFO         |   Checking: hasSufficientDiskSpace
[0;39m[0;39mINFO         |      Ok: Disk space requirements to run avd: `Pixel_5_API_33` are met
[0;39m[0;39mDEBUG   | Sending CMD_REPAINT to reposting thread
[0;39m[0;39mDEBUG   | [0;39mDEBUG  Sending CMD_REPAINT to reposting thread
 | [0;39mReposting thread dequeueing a CMD_REPAINT
[0;39m[0;39mDEBUG   | Reposting framebuffer.
[0;39m[0;39mDEBUG   | No repost: no last posted color buffer
[0;39m[0;39mDEBUG   | Reposting thread dequeueing a CMD_REPAINT
[0;39m[0;39mDEBUG   | Reposting framebuffer.
[0;39m[0;39mDEBUG   | No repost: no last posted color buffer
[0;39m[0;39mDEBUG   | Begin setupSubWindow
[0;39m[0;39mDEBUG   | config multidisplay with config.ini 0x0 0x0 0x0
[0;39m[0;39mDEBUG   | Exit setupSubWindow (successful setup)
[0;39m[0;39mDEBUG   | No acpi ini file provided, using default
[0;39m[0;39mDEBUG   | added one RIL client
[0;39m[0;39mINFO         | OpenGL Vendor=[Google (NVIDIA Corporation)]
[0;39m[0;39mINFO         | OpenGL Renderer=[Android Emulator OpenGL ES Translator (NVIDIA GeForce RTX 4060/PCIe/SSE2)]
[0;39m[0;39mINFO         | OpenGL Version=[OpenGL ES 3.0 (4.5.0 NVIDIA 581.04)]
[0;39m[0;39mDEBUG   | Crash info: hw.gpu.enabled=yes
[0;39m[0;39mDEBUG   | Crash info: hw.cpu.ncore=4
[0;39m[0;39mDEBUG   | Crash info: avd_space=0
[0;39m[0;39mDEBUG   | Crash info: disk.dataPartition.size=6G
[0;39m[0;39mDEBUG   | Crash info: hw.sensor.hinge=?
[0;39m[0;39mDEBUG   | Crash info: hw.gpu.mode=auto
[0;39m[0;39mDEBUG   | Crash info: hw.lcd.height=2340
[0;39m[0;39mDEBUG   | Crash info: hw.ramSize=2048
[0;39m[0;39mDEBUG   | Crash info: hw.lcd.width=1080
[0;39m[0;39mDEBUG   | Crash info: PlayStore.enabled=false
[0;39m[0;39mDEBUG   | Crash info: cpu_cores=28
[0;39m[0;39mDEBUG   | Crash info: free_ram=3983
[0;39m[0;39mDEBUG   | Crash info: ro.build.fingerprint=??
[0;39m[0;39mDEBUG   | Crash info: sessionId=10ada501-3db1-4762-8c1a-fabfcf3c19bb
[0;39m[0;39mINFO         | Loading snapshot 'default_boot'...
[0;39m[33mWARNING      | Device 'cache' does not have the requested snapshot 'default_boot'

[0;39m[33mWARNING      | Failed to load snapshot 'default_boot'
[0;39m[0;39mDEBUG   | Begin setupSubWindow
[0;39m[0;39mDEBUG   | Exit setupSubWindow (nothing to do)
[0;39m[0;39mDEBUG   | call repost from subWindowRepaint callback
[0;39m[0;39mDEBUG   | Reposting framebuffer.
[0;39m[0;39mDEBUG   | No repost: no last posted color buffer
[0;39m[0;39mDEBUG   | Begin setupSubWindow
[0;39m[33mWARNING      | adb command 'C:\Users\tjmah\AppData\Local\Android\Sdk\platform-tools\adb.exe -s emulator-11200 shell am start-foreground-service -e meter on com.android.emulator.radio.config/.MeterService ' failed: 'adb.exe: device offline'
[0;39m[0;39mDEBUG   | Exit setupSubWindow (successful setup)
[0;39m[0;39mDEBUG   | Begin setupSubWindow
[0;39m[0;39mDEBUG   | Exit setupSubWindow (nothing to do)
[0;39m[0;39mDEBUG   | Begin setupSubWindow
[0;39m[0;39mDEBUG   | Exit setupSubWindow (nothing to do)
[0;39m[0;39mDEBUG   | call repost from subWindowRepaint callback
[0;39m[0;39mDEBUG   | Reposting framebuffer.
[0;39m[0;39mDEBUG   | No repost: no last posted color buffer
[0;39m[0;39mDEBUG   | Sending CMD_REPAINT to reposting thread
[0;39m[0;39mDEBUG   | Reposting thread dequeueing a CMD_REPAINT
[0;39m[0;39mDEBUG   | Reposting framebuffer.
[0;39m[0;39mDEBUG   | No repost: no last posted color buffer
[0;39m[0;39mDEBUG   | call repost from subWindowRepaint callback
[0;39m[0;39mDEBUG   | Reposting framebuffer.
[0;39m[0;39mDEBUG   | No repost: no last posted color buffer
[0;39m[0;39mDEBUG   | Begin setupSubWindow
[0;39m[0;39mDEBUG   | Exit setupSubWindow (successful setup)
[0;39m[0;39mDEBUG   | Begin setupSubWindow
[0;39m[0;39mDEBUG   | Exit setupSubWindow (nothing to do)
[0;39m[0;39mDEBUG   | Begin setupSubWindow
[0;39m[0;39mDEBUG   | Exit setupSubWindow (nothing to do)
[0;39m[0;39mDEBUG   | call repost from subWindowRepaint callback
[0;39m[0;39mDEBUG   | Reposting framebuffer.
[0;39m[0;39mDEBUG   | No repost: no last posted color buffer
[0;39m[0;39mDEBUG   | No acpi ini file provided, using default
[0;39m[0;39mDEBUG   | Sending CMD_REPAINT to reposting thread
[0;39m[0;39mDEBUG   | Reposting thread dequeueing a CMD_REPAINT
[0;39m[0;39mDEBUG   | Reposting framebuffer.
[0;39m[0;39mDEBUG   | No repost: no last posted color buffer
[0;39m[0;39mDEBUG   | Begin setupSubWindow
[0;39m[0;39mDEBUG   | Exit setupSubWindow (nothing to do)
[0;39m[0;39mDEBUG   | Begin setupSubWindow
[0;39m[0;39mDEBUG   | Exit setupSubWindow (nothing to do)
[0;39m[0;39mDEBUG   | call repost from subWindowRepaint callback
[0;39m[0;39mDEBUG   | Reposting framebuffer.
[0;39m[0;39mDEBUG   | No repost: no last posted color buffer
[0;39m[0;39mINFO         | Activated packet streamer for bluetooth emulation
[0;39m[0;39m[33mWARNING     INFO         |  | Wait for emulator (pid 36876) 20 seconds to shutdown gracefully before kill;you can set environment variable ANDROID_EMULATOR_WAIT_TIME_BEFORE_KILL(in seconds) to change the default value (20 seconds)

Not saving state: RAM not mapped as shared
[0;39m[0;39m[0;39mINFO         | Saving snapshot 'default_boot' using 1 ms
[0;39m[33mWARNING      | Emulator client has not yet been configured.. Call configure me first!
[0;39m[0;39mDEBUG   | Sending metric [/netsim.packet.PacketStreamer/StreamPackets]: call_id: 2224518156 requests: 1 failures: 0 rcv_bytes_estimate { raw_sample: 0 } snd_bytes_estimate { raw_sample: 623 } duration { raw_sample: 3186.545 } rcv { raw_sample: 1 } snd { raw_sample: 1 } type: CLIENT
[0;39m[0;39mDEBUG   | Error reading from client fd: error
[0;39m[0;39mDEBUG   | Done with QEMU main loop
[0;39m[0;39mDEBUG   | User configuration saved to C:\Users\tjmah\.android\avd\..\avd\Pixel_5_API_33.avd\emulator-user.ini
[0;39m[0;39mDEBUG   | sending STOP to modem simulator host server
[0;39m[0;39mDEBUG   | received exit request from parent process
[0;39m[0;39mDEBUG   | Hostapd main loop has stopped.
[0;39m[0;39mDEBUG  [0;39m | waiting for monitor thread to join
DEBUG  [0;39m | requested to exit now
[0;39mINFO         | emuDirName: 'C:\Users\tjmah\AppData\Local\Android\Sdk\emulator'
INFO         | try dir C:\Users\tjmah\AppData\Local\Android\Sdk\emulator
INFO         | Trying emulator path 'C:\Users\tjmah\AppData\Local\Android\Sdk\emulator\qemu\windows-x86_64\qemu-system-x86_64.exe'
INFO         | Found target-specific 64-bit emulator binary: C:\Users\tjmah\AppData\Local\Android\Sdk\emulator\qemu\windows-x86_64\qemu-system-x86_64.exe
INFO         | Adding library search path: 'C:\Users\tjmah\AppData\Local\Android\Sdk\emulator\lib64'
INFO         | Adding library search path: 'C:\Users\tjmah\AppData\Local\Android\Sdk\emulator\lib64\gles_swiftshader'
INFO         | Adding library search path: 'C:\Users\tjmah\AppData\Local\Android\Sdk\emulator\lib64\vulkan'
INFO         | Quoted param: [C:\Users\tjmah\AppData\Local\Android\Sdk\emulator\qemu\windows-x86_64\qemu-system-x86_64.exe]
INFO         | Quoted param: [-verbose]
INFO         | Quoted param: [-no-audio]
INFO         | Quoted param: [-no-boot-anim]
INFO         | Quoted param: [-read-only]
INFO         | Quoted param: [-port]
INFO         | Quoted param: [11200]
INFO         | Quoted param: [@Pixel_5_API_33]
DEBUG   | emulator: Running :C:\Users\tjmah\AppData\Local\Android\Sdk\emulator\qemu\windows-x86_64\qemu-system-x86_64.exe
DEBUG   | qemu backend: argv[00] = "C:\Users\tjmah\AppData\Local\Android\Sdk\emulator\qemu\windows-x86_64\qemu-system-x86_64.exe"
DEBUG   | qemu backend: argv[01] = "-verbose"
DEBUG   | qemu backend: argv[02] = "-no-audio"
DEBUG   | qemu backend: argv[03] = "-no-boot-anim"
DEBUG   | qemu backend: argv[04] = "-read-only"
DEBUG   | qemu backend: argv[05] = "-port"
DEBUG   | qemu backend: argv[06] = "11200"
DEBUG   | qemu backend: argv[07] = "@Pixel_5_API_33"
DEBUG   | Concatenated backend parameters:  C:\Users\tjmah\AppData\Local\Android\Sdk\emulator\qemu\windows-x86_64\qemu-system-x86_64.exe -verbose -no-audio -no-boot-anim -read-only -port 11200 @Pixel_5_API_33
